#
# A fatal error has been detected by the Java Runtime Environment:
#
#  EXCEPTION_ACCESS_VIOLATION (0xc0000005) at pc=0x00007fff5ac0e0a9, pid=17056, tid=11000
#
# JRE version: OpenJDK Runtime Environment Microsoft-8035246 (17.0.8+7) (build 17.0.8+7-LTS)
# Java VM: OpenJDK 64-Bit Server VM Microsoft-8035246 (17.0.8+7-LTS, mixed mode, sharing, tiered, compressed oops, compressed class ptrs, g1 gc, windows-amd64)
# Problematic frame:
# V  [jvm.dll+0x2be0a9]
#
# No core dump will be written. Minidumps are not enabled by default on client versions of Windows
#
# If you would like to submit a bug report, please visit:
#   https://github.com/microsoft/openjdk/issues
#

---------------  S U M M A R Y ------------

Command Line: -XX:MaxMetaspaceSize=512m --add-opens=java.base/java.util=ALL-UNNAMED --add-opens=java.base/java.lang=ALL-UNNAMED --add-opens=java.base/java.lang.invoke=ALL-UNNAMED --add-opens=java.prefs/java.util.prefs=ALL-UNNAMED --add-opens=java.base/java.nio.charset=ALL-UNNAMED --add-opens=java.base/java.net=ALL-UNNAMED --add-opens=java.base/java.util.concurrent.atomic=ALL-UNNAMED -Xmx2048m -Dfile.encoding=windows-1252 -Duser.country=US -Duser.language=en -Duser.variant -javaagent:C:\Users\Lenovo\.gradle\wrapper\dists\gradle-8.3-all\6en3ugtfdg5xnpx44z4qbwgas\gradle-8.3\lib\agents\gradle-instrumentation-agent-8.3.jar org.gradle.launcher.daemon.bootstrap.GradleDaemon 8.3

Host: Intel(R) Core(TM) i3-6006U CPU @ 2.00GHz, 4 cores, 11G,  Windows 10 , 64 bit Build 19041 (10.0.19041.3636)
Time: Fri Mar  8 20:15:04 2024 India Standard Time elapsed time: 87.376437 seconds (0d 0h 1m 27s)

---------------  T H R E A D  ---------------

Current thread (0x000001da6fa7c060):  JavaThread "C2 CompilerThread1" daemon [_thread_in_native, id=11000, stack(0x0000002541900000,0x0000002541a00000)]


Current CompileTask:
C2:  87376 15005   !   4       org.gradle.cache.internal.DefaultMultiProcessSafeIndexedCache::getIfPresent (25 bytes)

Stack: [0x0000002541900000,0x0000002541a00000],  sp=0x00000025419fb250,  free space=1004k
Native frames: (J=compiled Java code, j=interpreted, Vv=VM code, C=native code)
V  [jvm.dll+0x2be0a9]
V  [jvm.dll+0x21ba8b]
V  [jvm.dll+0x21944b]
V  [jvm.dll+0x1a56b6]
V  [jvm.dll+0x2291ea]
V  [jvm.dll+0x22724c]
V  [jvm.dll+0x7efd0c]
V  [jvm.dll+0x7ea13a]
V  [jvm.dll+0x67ad85]
C  [ucrtbase.dll+0x21bb2]
C  [KERNEL32.DLL+0x17344]
C  [ntdll.dll+0x526b1]


siginfo: EXCEPTION_ACCESS_VIOLATION (0xc0000005), reading address 0x0000000000000028


Register to memory mapping:

RIP=0x00007fff5ac0e0a9 jvm.dll
RAX=0x000001da7101d020 points into unknown readable memory: 0x0000000000000000 | 00 00 00 00 00 00 00 00
RBX=0x0000000000001cad is an unknown value
RCX=0x0 is NULL
RDX=0x0 is NULL
RSP=0x00000025419fb250 is pointing into the stack for thread: 0x000001da6fa7c060
RBP=0x00000025419fb2c0 is pointing into the stack for thread: 0x000001da6fa7c060
RSI=0x0 is NULL
RDI=0x000000000000005c is an unknown value
R8 =0x000000000000ffe0 is an unknown value
R9 =0x0 is NULL
R10=0x00007fff970c0000 VCRUNTIME140.dll
R11=0x000001da7101d040 points into unknown readable memory: 0x0000000000000000 | 00 00 00 00 00 00 00 00
R12=0x0000000000000050 is an unknown value
R13=0x0 is NULL
R14=0x0 is NULL
R15=0x00000025419fe470 is pointing into the stack for thread: 0x000001da6fa7c060


Registers:
RAX=0x000001da7101d020, RBX=0x0000000000001cad, RCX=0x0000000000000000, RDX=0x0000000000000000
RSP=0x00000025419fb250, RBP=0x00000025419fb2c0, RSI=0x0000000000000000, RDI=0x000000000000005c
R8 =0x000000000000ffe0, R9 =0x0000000000000000, R10=0x00007fff970c0000, R11=0x000001da7101d040
R12=0x0000000000000050, R13=0x0000000000000000, R14=0x0000000000000000, R15=0x00000025419fe470
RIP=0x00007fff5ac0e0a9, EFLAGS=0x0000000000010202

Top of Stack: (sp=0x00000025419fb250)
0x00000025419fb250:   0000000000001cad 0000000000000000
0x00000025419fb260:   00000025419fe470 00007fff5ab738d1
0x00000025419fb270:   000001da77927a60 00007fff00002000
0x00000025419fb280:   000001da7101d020 000001da00000000
0x00000025419fb290:   0000000000000002 000001da78d46a10
0x00000025419fb2a0:   0000000000000002 000001da77927a60
0x00000025419fb2b0:   0000000000000000 0000000000000000
0x00000025419fb2c0:   000001da70c79f60 000001da2e1bb9d0
0x00000025419fb2d0:   000000000000005c 00007fff5b294c08
0x00000025419fb2e0:   00000025419fb3f0 00007fff5ab6ba8b
0x00000025419fb2f0:   00000025419fe470 00007fff5b294c08
0x00000025419fb300:   00000025419fe470 00000025419fb3f0
0x00000025419fb310:   000001da00000000 00007fff5af6b7fb
0x00000025419fb320:   000000250000000f 00000025419fe470
0x00000025419fb330:   00000025419fb4a0 0000000000000000
0x00000025419fb340:   000001da00000100 00007fff5b294c08 

Instructions: (pc=0x00007fff5ac0e0a9)
0x00007fff5ac0dfa9:   3b d0 75 0b ff c1 41 3b c9 7c dc 48 8b c2 c3 33
0x00007fff5ac0dfb9:   c0 c3 cc cc cc cc cc 48 89 5c 24 18 55 56 57 41
0x00007fff5ac0dfc9:   55 41 57 48 8b ec 48 83 ec 70 65 48 8b 04 25 58
0x00007fff5ac0dfd9:   00 00 00 48 8b f2 44 8b 05 d2 8b 90 00 4c 8b f9
0x00007fff5ac0dfe9:   4a 8b 1c c0 b8 50 00 00 00 80 3c 18 00 75 05 e8
0x00007fff5ac0dff9:   8b 6f 5d 00 b8 20 00 00 00 48 8b 04 18 48 8b 98
0x00007fff5ac0e009:   38 02 00 00 48 89 5d b0 c7 45 b8 04 00 00 00 48
0x00007fff5ac0e019:   8b 43 18 48 83 f8 df 76 18 4c 8d 05 37 a9 65 00
0x00007fff5ac0e029:   ba 20 00 00 00 48 8b cb e8 5a eb de ff 48 8b 43
0x00007fff5ac0e039:   18 48 8d 48 20 48 3b 4b 20 76 11 45 33 c0 48 8b
0x00007fff5ac0e049:   cb 41 8d 50 20 e8 fd e8 de ff eb 04 48 89 4b 18
0x00007fff5ac0e059:   44 8b 45 b8 33 d2 49 c1 e0 03 48 8b c8 48 89 45
0x00007fff5ac0e069:   c0 e8 e3 80 5d 00 45 33 ed 48 8d 4d d0 44 89 6d
0x00007fff5ac0e079:   c8 e8 01 59 56 00 41 8b 9f 40 02 00 00 41 2b 9f
0x00007fff5ac0e089:   68 02 00 00 44 89 6d f0 3b 5d b8 72 0b 8b d3 48
0x00007fff5ac0e099:   8d 4d b0 e8 6f b3 39 00 48 8b 45 c0 4c 89 2c d8
0x00007fff5ac0e0a9:   8b 7e 28 8b df c1 eb 05 3b 5d d0 72 0b 8b d3 48
0x00007fff5ac0e0b9:   8d 4d d0 e8 1f 59 56 00 48 8b 45 d8 83 e7 1f 48
0x00007fff5ac0e0c9:   8d 14 98 40 0f b6 cf 41 b8 01 00 00 00 41 d3 e0
0x00007fff5ac0e0d9:   8b 0a 8b c1 41 0b c0 89 02 41 85 c8 75 21 8b 5d
0x00007fff5ac0e0e9:   c8 8d 43 01 89 45 c8 3b 5d b8 72 0b 8b d3 48 8d
0x00007fff5ac0e0f9:   4d b0 e8 10 b3 39 00 48 8b 45 c0 48 89 34 d8 44
0x00007fff5ac0e109:   39 6d c8 0f 86 77 01 00 00 4c 89 a4 24 a0 00 00
0x00007fff5ac0e119:   00 4c 89 b4 24 a8 00 00 00 48 8b 45 c0 41 8b cd
0x00007fff5ac0e129:   48 8b 34 c8 8b 46 2c 25 ff 1f 00 00 3d 04 10 00
0x00007fff5ac0e139:   00 0f 85 a7 00 00 00 bb 01 00 00 00 39 5e 18 76
0x00007fff5ac0e149:   39 66 0f 1f 44 00 00 48 8b 46 08 8b cb 48 8b 14
0x00007fff5ac0e159:   c8 48 85 d2 74 1d 48 83 7a 10 00 74 16 80 7a 2c
0x00007fff5ac0e169:   84 74 10 e8 7f 7e ee ff 48 8b d0 49 8b cf e8 a4
0x00007fff5ac0e179:   61 f6 ff ff c3 3b 5e 18 72 cd 48 8b 5e 10 8b 46
0x00007fff5ac0e189:   20 4c 8d 34 c3 49 3b de 73 54 48 8b 3b 8b 47 2c
0x00007fff5ac0e199:   83 e0 03 3c 03 75 2e 48 8b 07 48 8b cf ff 90 88 


Stack slot to memory mapping:
stack at sp + 0 slots: 0x0000000000001cad is an unknown value
stack at sp + 1 slots: 0x0 is NULL
stack at sp + 2 slots: 0x00000025419fe470 is pointing into the stack for thread: 0x000001da6fa7c060
stack at sp + 3 slots: 0x00007fff5ab738d1 jvm.dll
stack at sp + 4 slots: 0x000001da77927a60 points into unknown readable memory: 0x0000000000000006 | 06 00 00 00 00 00 00 00
stack at sp + 5 slots: 0x00007fff00002000 is an unknown value
stack at sp + 6 slots: 0x000001da7101d020 points into unknown readable memory: 0x0000000000000000 | 00 00 00 00 00 00 00 00
stack at sp + 7 slots: 0x000001da00000000 is an unknown value


---------------  P R O C E S S  ---------------

Threads class SMR info:
_java_thread_list=0x000001da77faa1c0, length=97, elements={
0x000001da2e1a4bd0, 0x000001da4bd72730, 0x000001da4bd73c60, 0x000001da4bd87f60,
0x000001da4bd88cf0, 0x000001da4bd8cfe0, 0x000001da4bd8e050, 0x000001da4bd939a0,
0x000001da4bd94360, 0x000001da4bda0c00, 0x000001da6b0d0270, 0x000001da6b12f8d0,
0x000001da6caa78d0, 0x000001da6c15e0d0, 0x000001da6b29b600, 0x000001da6c0b98f0,
0x000001da6c1ee410, 0x000001da6b274540, 0x000001da6b273100, 0x000001da6b2726e0,
0x000001da6b274a50, 0x000001da6b272bf0, 0x000001da6b273b20, 0x000001da6b2721d0,
0x000001da6b274030, 0x000001da6b2712a0, 0x000001da6b2717b0, 0x000001da6b271cc0,
0x000001da6d2340a0, 0x000001da6d22f9c0, 0x000001da6d22fed0, 0x000001da6d232c60,
0x000001da6d233680, 0x000001da6d233b90, 0x000001da6d2345b0, 0x000001da6d230e00,
0x000001da6d2303e0, 0x000001da6d2308f0, 0x000001da6d22ea90, 0x000001da6d234fd0,
0x000001da6d2354e0, 0x000001da6d22efa0, 0x000001da6d22e580, 0x000001da6d22e070,
0x000001da6d2359f0, 0x000001da6d232240, 0x000001da6d231310, 0x000001da6d22f4b0,
0x000001da6d231820, 0x000001da6d231d30, 0x000001da6be15c20, 0x000001da6be15710,
0x000001da6be18ec0, 0x000001da6be184a0, 0x000001da6be198e0, 0x000001da6be16640,
0x000001da6be133a0, 0x000001da6be16130, 0x000001da6be142d0, 0x000001da6be147e0,
0x000001da6be1ad20, 0x000001da6be189b0, 0x000001da6be13dc0, 0x000001da6be15200,
0x000001da6be16b50, 0x000001da6be17a80, 0x000001da6be17060, 0x000001da6be1a300,
0x000001da6be17570, 0x000001da71284400, 0x000001da71287190, 0x000001da712876a0,
0x000001da71283ef0, 0x000001da712880c0, 0x000001da7128a430, 0x000001da6fa7c060,
0x000001da71284910, 0x000001da71286260, 0x000001da712885d0, 0x000001da71289f20,
0x000001da71289a10, 0x000001da7128b870, 0x000001da7128a940, 0x000001da71286770,
0x000001da7128ae50, 0x000001da71286c80, 0x000001da71284e20, 0x000001da71285330,
0x000001da71285840, 0x000001da71288ae0, 0x000001da71288ff0, 0x000001da71289500,
0x000001da7128b360, 0x000001da6b273610, 0x000001da77157ef0, 0x000001da77155b80,
0x000001da77150f90
}

Java Threads: ( => current thread )
  0x000001da2e1a4bd0 JavaThread "main" [_thread_blocked, id=17096, stack(0x0000002541c00000,0x0000002541d00000)]
  0x000001da4bd72730 JavaThread "Reference Handler" daemon [_thread_blocked, id=19096, stack(0x0000002542300000,0x0000002542400000)]
  0x000001da4bd73c60 JavaThread "Finalizer" daemon [_thread_blocked, id=8044, stack(0x0000002542400000,0x0000002542500000)]
  0x000001da4bd87f60 JavaThread "Signal Dispatcher" daemon [_thread_blocked, id=3740, stack(0x0000002542500000,0x0000002542600000)]
  0x000001da4bd88cf0 JavaThread "Attach Listener" daemon [_thread_blocked, id=10772, stack(0x0000002542600000,0x0000002542700000)]
  0x000001da4bd8cfe0 JavaThread "Service Thread" daemon [_thread_blocked, id=19548, stack(0x0000002542700000,0x0000002542800000)]
  0x000001da4bd8e050 JavaThread "Monitor Deflation Thread" daemon [_thread_blocked, id=10632, stack(0x0000002542800000,0x0000002542900000)]
  0x000001da4bd939a0 JavaThread "C2 CompilerThread0" daemon [_thread_in_vm, id=3768, stack(0x0000002542900000,0x0000002542a00000)]
  0x000001da4bd94360 JavaThread "C1 CompilerThread0" daemon [_thread_blocked, id=1464, stack(0x0000002542a00000,0x0000002542b00000)]
  0x000001da4bda0c00 JavaThread "Sweeper thread" daemon [_thread_blocked, id=7092, stack(0x0000002542b00000,0x0000002542c00000)]
  0x000001da6b0d0270 JavaThread "Common-Cleaner" daemon [_thread_blocked, id=11996, stack(0x0000002542c00000,0x0000002542d00000)]
  0x000001da6b12f8d0 JavaThread "Notification Thread" daemon [_thread_blocked, id=13796, stack(0x0000002542d00000,0x0000002542e00000)]
  0x000001da6caa78d0 JavaThread "Daemon health stats" [_thread_blocked, id=18500, stack(0x0000002543300000,0x0000002543400000)]
  0x000001da6c15e0d0 JavaThread "Incoming local TCP Connector on port 52457" [_thread_in_native, id=11892, stack(0x0000002542f00000,0x0000002543000000)]
  0x000001da6b29b600 JavaThread "Daemon periodic checks" [_thread_blocked, id=18660, stack(0x0000002543400000,0x0000002543500000)]
  0x000001da6c0b98f0 JavaThread "Daemon" [_thread_blocked, id=15904, stack(0x0000002543500000,0x0000002543600000)]
  0x000001da6c1ee410 JavaThread "Handler for socket connection from /127.0.0.1:52457 to /127.0.0.1:52458" [_thread_in_native, id=18056, stack(0x0000002543600000,0x0000002543700000)]
  0x000001da6b274540 JavaThread "Cancel handler" [_thread_blocked, id=12668, stack(0x0000002543700000,0x0000002543800000)]
  0x000001da6b273100 JavaThread "Daemon worker" [_thread_blocked, id=8264, stack(0x0000002543800000,0x0000002543900000)]
  0x000001da6b2726e0 JavaThread "Asynchronous log dispatcher for DefaultDaemonConnection: socket connection from /127.0.0.1:52457 to /127.0.0.1:52458" [_thread_blocked, id=15532, stack(0x0000002543900000,0x0000002543a00000)]
  0x000001da6b274a50 JavaThread "Stdin handler" [_thread_blocked, id=2892, stack(0x0000002543a00000,0x0000002543b00000)]
  0x000001da6b272bf0 JavaThread "Daemon client event forwarder" [_thread_blocked, id=19372, stack(0x0000002543b00000,0x0000002543c00000)]
  0x000001da6b273b20 JavaThread "Cache worker for journal cache (C:\Users\Lenovo\.gradle\caches\journal-1)" [_thread_blocked, id=13000, stack(0x0000002543c00000,0x0000002543d00000)]
  0x000001da6b2721d0 JavaThread "File lock request listener" [_thread_in_native, id=1416, stack(0x0000002543d00000,0x0000002543e00000)]
  0x000001da6b274030 JavaThread "Cache worker for file hash cache (C:\Users\Lenovo\.gradle\caches\8.3\fileHashes)" [_thread_blocked, id=19092, stack(0x0000002543f00000,0x0000002544000000)]
  0x000001da6b2712a0 JavaThread "File watcher server" daemon [_thread_in_native, id=15104, stack(0x0000002544000000,0x0000002544100000)]
  0x000001da6b2717b0 JavaThread "File watcher consumer" daemon [_thread_blocked, id=19340, stack(0x0000002544100000,0x0000002544200000)]
  0x000001da6b271cc0 JavaThread "Cache worker for checksums cache (D:\ReactNative\Recipes\android\.gradle\8.3\checksums)" [_thread_blocked, id=9856, stack(0x0000002544200000,0x0000002544300000)]
  0x000001da6d2340a0 JavaThread "Cache worker for file hash cache (D:\ReactNative\Recipes\android\.gradle\8.3\fileHashes)" [_thread_blocked, id=14480, stack(0x0000002544300000,0x0000002544400000)]
  0x000001da6d22f9c0 JavaThread "Cache worker for cache directory md-supplier (C:\Users\Lenovo\.gradle\caches\8.3\md-supplier)" [_thread_blocked, id=15316, stack(0x0000002544400000,0x0000002544500000)]
  0x000001da6d22fed0 JavaThread "Cache worker for file content cache (C:\Users\Lenovo\.gradle\caches\8.3\fileContent)" [_thread_blocked, id=12068, stack(0x0000002544500000,0x0000002544600000)]
  0x000001da6d232c60 JavaThread "Cache worker for cache directory md-rule (C:\Users\Lenovo\.gradle\caches\8.3\md-rule)" [_thread_blocked, id=20264, stack(0x0000002544600000,0x0000002544700000)]
  0x000001da6d233680 JavaThread "Cache worker for execution history cache (C:\Users\Lenovo\.gradle\caches\8.3\executionHistory)" [_thread_blocked, id=19088, stack(0x0000002543e00000,0x0000002543f00000)]
  0x000001da6d233b90 JavaThread "jar transforms" [_thread_blocked, id=18076, stack(0x0000002544800000,0x0000002544900000)]
  0x000001da6d2345b0 JavaThread "jar transforms Thread 2" [_thread_blocked, id=13696, stack(0x0000002544900000,0x0000002544a00000)]
  0x000001da6d230e00 JavaThread "jar transforms Thread 3" [_thread_blocked, id=16856, stack(0x0000002544a00000,0x0000002544b00000)]
  0x000001da6d2303e0 JavaThread "jar transforms Thread 4" [_thread_blocked, id=20240, stack(0x0000002544b00000,0x0000002544c00000)]
  0x000001da6d2308f0 JavaThread "Cache worker for kotlin-dsl (C:\Users\Lenovo\.gradle\caches\8.3\kotlin-dsl)" [_thread_blocked, id=18928, stack(0x0000002544c00000,0x0000002544d00000)]
  0x000001da6d22ea90 JavaThread "Unconstrained build operations" [_thread_in_native, id=6568, stack(0x0000002544d00000,0x0000002544e00000)]
  0x000001da6d234fd0 JavaThread "Unconstrained build operations Thread 2" [_thread_blocked, id=17068, stack(0x0000002544e00000,0x0000002544f00000)]
  0x000001da6d2354e0 JavaThread "Cache worker for dependencies-accessors (D:\ReactNative\Recipes\android\.gradle\8.3\dependencies-accessors)" [_thread_blocked, id=2076, stack(0x0000002544f00000,0x0000002545000000)]
  0x000001da6d22efa0 JavaThread "Cache worker for Build Output Cleanup Cache (D:\ReactNative\Recipes\node_modules\@react-native\gradle-plugin\.gradle\buildOutputCleanup)" [_thread_blocked, id=8608, stack(0x0000002545000000,0x0000002545100000)]
  0x000001da6d22e580 JavaThread "Unconstrained build operations Thread 3" [_thread_in_native, id=8652, stack(0x0000002545100000,0x0000002545200000)]
  0x000001da6d22e070 JavaThread "Unconstrained build operations Thread 4" [_thread_blocked, id=10616, stack(0x0000002545200000,0x0000002545300000)]
  0x000001da6d2359f0 JavaThread "Unconstrained build operations Thread 5" [_thread_blocked, id=11964, stack(0x0000002545300000,0x0000002545400000)]
  0x000001da6d232240 JavaThread "Memory manager" [_thread_blocked, id=9768, stack(0x0000002545400000,0x0000002545500000)]
  0x000001da6d231310 JavaThread "Cache worker for Build Output Cleanup Cache (D:\ReactNative\Recipes\android\.gradle\buildOutputCleanup)" [_thread_blocked, id=18144, stack(0x0000002545500000,0x0000002545600000)]
  0x000001da6d22f4b0 JavaThread "ForkJoinPool.commonPool-worker-1" daemon [_thread_blocked, id=6048, stack(0x0000002545600000,0x0000002545700000)]
  0x000001da6d231820 JavaThread "ForkJoinPool.commonPool-worker-2" daemon [_thread_blocked, id=16044, stack(0x0000002545700000,0x0000002545800000)]
  0x000001da6d231d30 JavaThread "ForkJoinPool.commonPool-worker-3" daemon [_thread_blocked, id=15568, stack(0x0000002545800000,0x0000002545900000)]
  0x000001da6be15c20 JavaThread "Exec process" [_thread_blocked, id=18620, stack(0x0000002545900000,0x0000002545a00000)]
  0x000001da6be15710 JavaThread "Exec process Thread 2" [_thread_blocked, id=8900, stack(0x0000002545a00000,0x0000002545b00000)]
  0x000001da6be18ec0 JavaThread "Exec process Thread 3" [_thread_blocked, id=14000, stack(0x0000002545b00000,0x0000002545c00000)]
  0x000001da6be184a0 JavaThread "included builds" [_thread_blocked, id=18596, stack(0x0000002545e00000,0x0000002545f00000)]
  0x000001da6be198e0 JavaThread "Execution worker" [_thread_in_native, id=18860, stack(0x0000002545f00000,0x0000002546000000)]
  0x000001da6be16640 JavaThread "Execution worker Thread 2" [_thread_blocked, id=19484, stack(0x0000002546000000,0x0000002546100000)]
  0x000001da6be133a0 JavaThread "Execution worker Thread 3" [_thread_blocked, id=18016, stack(0x0000002546100000,0x0000002546200000)]
  0x000001da6be16130 JavaThread "Cache worker for execution history cache (D:\ReactNative\Recipes\node_modules\@react-native\gradle-plugin\.gradle\8.3\executionHistory)" [_thread_blocked, id=6292, stack(0x0000002546200000,0x0000002546300000)]
  0x000001da6be142d0 JavaThread "Unconstrained build operations Thread 6" [_thread_blocked, id=11640, stack(0x0000002546300000,0x0000002546400000)]
  0x000001da6be147e0 JavaThread "Unconstrained build operations Thread 7" [_thread_blocked, id=15544, stack(0x0000002546400000,0x0000002546500000)]
  0x000001da6be1ad20 JavaThread "Unconstrained build operations Thread 8" [_thread_blocked, id=20048, stack(0x0000002546500000,0x0000002546600000)]
  0x000001da6be189b0 JavaThread "Unconstrained build operations Thread 9" [_thread_blocked, id=16796, stack(0x0000002546600000,0x0000002546700000)]
  0x000001da6be13dc0 JavaThread "Unconstrained build operations Thread 10" [_thread_blocked, id=3236, stack(0x0000002546700000,0x0000002546800000)]
  0x000001da6be15200 JavaThread "Unconstrained build operations Thread 11" [_thread_blocked, id=12708, stack(0x0000002546800000,0x0000002546900000)]
  0x000001da6be16b50 JavaThread "Unconstrained build operations Thread 12" [_thread_blocked, id=9884, stack(0x0000002546900000,0x0000002546a00000)]
  0x000001da6be17a80 JavaThread "Unconstrained build operations Thread 13" [_thread_blocked, id=10500, stack(0x0000002546a00000,0x0000002546b00000)]
  0x000001da6be17060 JavaThread "Unconstrained build operations Thread 14" [_thread_blocked, id=17596, stack(0x0000002541a00000,0x0000002541b00000)]
  0x000001da6be1a300 JavaThread "Unconstrained build operations Thread 15" [_thread_blocked, id=12468, stack(0x0000002541b00000,0x0000002541c00000)]
  0x000001da6be17570 JavaThread "Unconstrained build operations Thread 16" [_thread_blocked, id=17140, stack(0x0000002545d00000,0x0000002545e00000)]
  0x000001da71284400 JavaThread "Unconstrained build operations Thread 17" [_thread_blocked, id=16760, stack(0x0000002546b00000,0x0000002546c00000)]
  0x000001da71287190 JavaThread "Unconstrained build operations Thread 18" [_thread_blocked, id=14540, stack(0x0000002546c00000,0x0000002546d00000)]
  0x000001da712876a0 JavaThread "Unconstrained build operations Thread 19" [_thread_blocked, id=18896, stack(0x0000002546d00000,0x0000002546e00000)]
  0x000001da71283ef0 JavaThread "Unconstrained build operations Thread 20" [_thread_blocked, id=2068, stack(0x0000002546e00000,0x0000002546f00000)]
  0x000001da712880c0 JavaThread "Unconstrained build operations Thread 21" [_thread_blocked, id=16200, stack(0x0000002546f00000,0x0000002547000000)]
  0x000001da7128a430 JavaThread "Unconstrained build operations Thread 22" [_thread_blocked, id=10972, stack(0x0000002547000000,0x0000002547100000)]
=>0x000001da6fa7c060 JavaThread "C2 CompilerThread1" daemon [_thread_in_native, id=11000, stack(0x0000002541900000,0x0000002541a00000)]
  0x000001da71284910 JavaThread "pool-3-thread-1" [_thread_blocked, id=13364, stack(0x0000002547100000,0x0000002547200000)]
  0x000001da71286260 JavaThread "build event listener" [_thread_blocked, id=16936, stack(0x0000002547200000,0x0000002547300000)]
  0x000001da712885d0 JavaThread "Unconstrained build operations Thread 23" [_thread_blocked, id=14536, stack(0x0000002547300000,0x0000002547400000)]
  0x000001da71289f20 JavaThread "Unconstrained build operations Thread 24" [_thread_blocked, id=15768, stack(0x0000002547400000,0x0000002547500000)]
  0x000001da71289a10 JavaThread "Unconstrained build operations Thread 25" [_thread_blocked, id=19048, stack(0x0000002547500000,0x0000002547600000)]
  0x000001da7128b870 JavaThread "Unconstrained build operations Thread 26" [_thread_blocked, id=3576, stack(0x0000002547600000,0x0000002547700000)]
  0x000001da7128a940 JavaThread "Unconstrained build operations Thread 27" [_thread_blocked, id=6584, stack(0x0000002547700000,0x0000002547800000)]
  0x000001da71286770 JavaThread "Unconstrained build operations Thread 28" [_thread_blocked, id=5156, stack(0x0000002547800000,0x0000002547900000)]
  0x000001da7128ae50 JavaThread "Unconstrained build operations Thread 29" [_thread_blocked, id=10540, stack(0x0000002547900000,0x0000002547a00000)]
  0x000001da71286c80 JavaThread "Unconstrained build operations Thread 30" [_thread_blocked, id=17820, stack(0x0000002547a00000,0x0000002547b00000)]
  0x000001da71284e20 JavaThread "Unconstrained build operations Thread 31" [_thread_blocked, id=13348, stack(0x0000002547b00000,0x0000002547c00000)]
  0x000001da71285330 JavaThread "Unconstrained build operations Thread 32" [_thread_blocked, id=10748, stack(0x0000002547c00000,0x0000002547d00000)]
  0x000001da71285840 JavaThread "Unconstrained build operations Thread 33" [_thread_blocked, id=19768, stack(0x0000002547d00000,0x0000002547e00000)]
  0x000001da71288ae0 JavaThread "Unconstrained build operations Thread 34" [_thread_blocked, id=20228, stack(0x0000002547e00000,0x0000002547f00000)]
  0x000001da71288ff0 JavaThread "Unconstrained build operations Thread 35" [_thread_blocked, id=20432, stack(0x0000002547f00000,0x0000002548000000)]
  0x000001da71289500 JavaThread "Unconstrained build operations Thread 36" [_thread_blocked, id=11200, stack(0x0000002548000000,0x0000002548100000)]
  0x000001da7128b360 JavaThread "Unconstrained build operations Thread 37" [_thread_blocked, id=5980, stack(0x0000002548100000,0x0000002548200000)]
  0x000001da6b273610 JavaThread "Unconstrained build operations Thread 38" [_thread_blocked, id=15092, stack(0x0000002548200000,0x0000002548300000)]
  0x000001da77157ef0 JavaThread "Unconstrained build operations Thread 39" [_thread_blocked, id=11632, stack(0x0000002548300000,0x0000002548400000)]
  0x000001da77155b80 JavaThread "Unconstrained build operations Thread 40" [_thread_blocked, id=1144, stack(0x0000002548400000,0x0000002548500000)]
  0x000001da77150f90 JavaThread "Cache worker for execution history cache (D:\ReactNative\Recipes\android\.gradle\8.3\executionHistory)" [_thread_blocked, id=15156, stack(0x0000002548500000,0x0000002548600000)]

Other Threads:
  0x000001da4bd6a060 VMThread "VM Thread" [stack: 0x0000002542200000,0x0000002542300000] [id=9096]
  0x000001da2e221940 WatcherThread [stack: 0x0000002542e00000,0x0000002542f00000] [id=13116]
  0x000001da2e1ffaf0 GCTaskThread "GC Thread#0" [stack: 0x0000002541d00000,0x0000002541e00000] [id=18556]
  0x000001da6b40caf0 GCTaskThread "GC Thread#1" [stack: 0x0000002543000000,0x0000002543100000] [id=16552]
  0x000001da6b64bb20 GCTaskThread "GC Thread#2" [stack: 0x0000002543100000,0x0000002543200000] [id=12800]
  0x000001da6b64bde0 GCTaskThread "GC Thread#3" [stack: 0x0000002543200000,0x0000002543300000] [id=1496]
  0x000001da2e210950 ConcurrentGCThread "G1 Main Marker" [stack: 0x0000002541e00000,0x0000002541f00000] [id=14916]
  0x000001da2e211a10 ConcurrentGCThread "G1 Conc#0" [stack: 0x0000002541f00000,0x0000002542000000] [id=5996]
  0x000001da2e25ecb0 ConcurrentGCThread "G1 Refine#0" [stack: 0x0000002542000000,0x0000002542100000] [id=10536]
  0x000001da4bc26b50 ConcurrentGCThread "G1 Service" [stack: 0x0000002542100000,0x0000002542200000] [id=14120]

Threads with active compile tasks:
C2 CompilerThread1    87614 15005   !   4       org.gradle.cache.internal.DefaultMultiProcessSafeIndexedCache::getIfPresent (25 bytes)

VM state: not at safepoint (normal execution)

VM Mutex/Monitor currently owned by a thread: None

Heap address: 0x0000000080000000, size: 2048 MB, Compressed Oops mode: 32-bit

CDS archive(s) mapped at: [0x000001da4c000000-0x000001da4cbd0000-0x000001da4cbd0000), size 12386304, SharedBaseAddress: 0x000001da4c000000, ArchiveRelocationMode: 1.
Compressed class space mapped at: 0x000001da4d000000-0x000001da67000000, reserved size: 436207616
Narrow klass base: 0x000001da4c000000, Narrow klass shift: 0, Narrow klass range: 0x100000000

GC Precious Log:
 CPUs: 4 total, 4 available
 Memory: 12162M
 Large Page Support: Disabled
 NUMA Support: Disabled
 Compressed Oops: Enabled (32-bit)
 Heap Region Size: 1M
 Heap Min Capacity: 8M
 Heap Initial Capacity: 192M
 Heap Max Capacity: 2G
 Pre-touch: Disabled
 Parallel Workers: 4
 Concurrent Workers: 1
 Concurrent Refinement Workers: 4
 Periodic GC: Disabled

Heap:
 garbage-first heap   total 248832K, used 196639K [0x0000000080000000, 0x0000000100000000)
  region size 1024K, 39 young (39936K), 7 survivors (7168K)
 Metaspace       used 102009K, committed 102976K, reserved 557056K
  class space    used 14083K, committed 14592K, reserved 425984K

Heap Regions: E=young(eden), S=young(survivor), O=old, HS=humongous(starts), HC=humongous(continues), CS=collection set, F=free, OA=open archive, CA=closed archive, TAMS=top-at-mark-start (previous, next)
|   0|0x0000000080000000, 0x0000000080100000, 0x0000000080100000|100%| O|  |TAMS 0x0000000080100000, 0x0000000080000000| Untracked 
|   1|0x0000000080100000, 0x0000000080200000, 0x0000000080200000|100%| O|  |TAMS 0x0000000080200000, 0x0000000080100000| Untracked 
|   2|0x0000000080200000, 0x0000000080300000, 0x0000000080300000|100%|HS|  |TAMS 0x0000000080300000, 0x0000000080200000| Complete 
|   3|0x0000000080300000, 0x0000000080400000, 0x0000000080400000|100%|HC|  |TAMS 0x0000000080400000, 0x0000000080300000| Complete 
|   4|0x0000000080400000, 0x0000000080500000, 0x0000000080500000|100%|HC|  |TAMS 0x0000000080500000, 0x0000000080400000| Complete 
|   5|0x0000000080500000, 0x0000000080600000, 0x0000000080600000|100%|HC|  |TAMS 0x0000000080600000, 0x0000000080500000| Complete 
|   6|0x0000000080600000, 0x0000000080700000, 0x0000000080700000|100%| O|  |TAMS 0x0000000080700000, 0x0000000080600000| Untracked 
|   7|0x0000000080700000, 0x0000000080800000, 0x0000000080800000|100%| O|  |TAMS 0x0000000080800000, 0x0000000080700000| Untracked 
|   8|0x0000000080800000, 0x0000000080900000, 0x0000000080900000|100%| O|  |TAMS 0x0000000080900000, 0x0000000080800000| Untracked 
|   9|0x0000000080900000, 0x0000000080a00000, 0x0000000080a00000|100%| O|  |TAMS 0x0000000080a00000, 0x0000000080900000| Untracked 
|  10|0x0000000080a00000, 0x0000000080b00000, 0x0000000080b00000|100%| O|  |TAMS 0x0000000080b00000, 0x0000000080a00000| Untracked 
|  11|0x0000000080b00000, 0x0000000080c00000, 0x0000000080c00000|100%| O|  |TAMS 0x0000000080c00000, 0x0000000080b00000| Untracked 
|  12|0x0000000080c00000, 0x0000000080d00000, 0x0000000080d00000|100%| O|  |TAMS 0x0000000080d00000, 0x0000000080c00000| Untracked 
|  13|0x0000000080d00000, 0x0000000080e00000, 0x0000000080e00000|100%| O|  |TAMS 0x0000000080e00000, 0x0000000080d00000| Untracked 
|  14|0x0000000080e00000, 0x0000000080f00000, 0x0000000080f00000|100%| O|  |TAMS 0x0000000080f00000, 0x0000000080e00000| Untracked 
|  15|0x0000000080f00000, 0x0000000081000000, 0x0000000081000000|100%| O|  |TAMS 0x0000000081000000, 0x0000000080f00000| Untracked 
|  16|0x0000000081000000, 0x0000000081100000, 0x0000000081100000|100%| O|  |TAMS 0x0000000081100000, 0x0000000081000000| Untracked 
|  17|0x0000000081100000, 0x0000000081200000, 0x0000000081200000|100%| O|  |TAMS 0x0000000081200000, 0x0000000081100000| Untracked 
|  18|0x0000000081200000, 0x0000000081300000, 0x0000000081300000|100%| O|  |TAMS 0x0000000081300000, 0x0000000081200000| Untracked 
|  19|0x0000000081300000, 0x0000000081400000, 0x0000000081400000|100%| O|  |TAMS 0x0000000081400000, 0x0000000081300000| Untracked 
|  20|0x0000000081400000, 0x0000000081500000, 0x0000000081500000|100%| O|  |TAMS 0x0000000081500000, 0x0000000081400000| Untracked 
|  21|0x0000000081500000, 0x00000000815d0e00, 0x0000000081600000| 81%| O|  |TAMS 0x00000000815d0e00, 0x0000000081500000| Untracked 
|  22|0x0000000081600000, 0x0000000081700000, 0x0000000081700000|100%| O|  |TAMS 0x0000000081700000, 0x0000000081600000| Untracked 
|  23|0x0000000081700000, 0x0000000081800000, 0x0000000081800000|100%| O|  |TAMS 0x0000000081800000, 0x0000000081700000| Untracked 
|  24|0x0000000081800000, 0x0000000081900000, 0x0000000081900000|100%|HS|  |TAMS 0x0000000081800000, 0x0000000081800000| Complete 
|  25|0x0000000081900000, 0x0000000081a00000, 0x0000000081a00000|100%| O|  |TAMS 0x0000000081a00000, 0x0000000081900000| Untracked 
|  26|0x0000000081a00000, 0x0000000081b00000, 0x0000000081b00000|100%| O|  |TAMS 0x0000000081b00000, 0x0000000081a00000| Untracked 
|  27|0x0000000081b00000, 0x0000000081c00000, 0x0000000081c00000|100%| O|  |TAMS 0x0000000081c00000, 0x0000000081b00000| Untracked 
|  28|0x0000000081c00000, 0x0000000081d00000, 0x0000000081d00000|100%| O|  |TAMS 0x0000000081d00000, 0x0000000081c00000| Untracked 
|  29|0x0000000081d00000, 0x0000000081e00000, 0x0000000081e00000|100%| O|  |TAMS 0x0000000081e00000, 0x0000000081d00000| Untracked 
|  30|0x0000000081e00000, 0x0000000081f00000, 0x0000000081f00000|100%|HS|  |TAMS 0x0000000081f00000, 0x0000000081e00000| Complete 
|  31|0x0000000081f00000, 0x0000000082000000, 0x0000000082000000|100%|HC|  |TAMS 0x0000000082000000, 0x0000000081f00000| Complete 
|  32|0x0000000082000000, 0x0000000082100000, 0x0000000082100000|100%| O|  |TAMS 0x0000000082100000, 0x0000000082000000| Untracked 
|  33|0x0000000082100000, 0x0000000082200000, 0x0000000082200000|100%| O|  |TAMS 0x0000000082200000, 0x0000000082100000| Untracked 
|  34|0x0000000082200000, 0x0000000082300000, 0x0000000082300000|100%| O|  |TAMS 0x0000000082300000, 0x0000000082200000| Untracked 
|  35|0x0000000082300000, 0x0000000082400000, 0x0000000082400000|100%| O|  |TAMS 0x0000000082400000, 0x0000000082300000| Untracked 
|  36|0x0000000082400000, 0x0000000082500000, 0x0000000082500000|100%| O|  |TAMS 0x0000000082500000, 0x0000000082400000| Untracked 
|  37|0x0000000082500000, 0x0000000082600000, 0x0000000082600000|100%| O|  |TAMS 0x0000000082600000, 0x0000000082500000| Untracked 
|  38|0x0000000082600000, 0x0000000082700000, 0x0000000082700000|100%|HS|  |TAMS 0x0000000082700000, 0x0000000082600000| Complete 
|  39|0x0000000082700000, 0x0000000082800000, 0x0000000082800000|100%|HC|  |TAMS 0x0000000082800000, 0x0000000082700000| Complete 
|  40|0x0000000082800000, 0x0000000082900000, 0x0000000082900000|100%| O|  |TAMS 0x0000000082900000, 0x0000000082800000| Untracked 
|  41|0x0000000082900000, 0x0000000082a00000, 0x0000000082a00000|100%|HS|  |TAMS 0x0000000082a00000, 0x0000000082900000| Complete 
|  42|0x0000000082a00000, 0x0000000082b00000, 0x0000000082b00000|100%|HC|  |TAMS 0x0000000082b00000, 0x0000000082a00000| Complete 
|  43|0x0000000082b00000, 0x0000000082c00000, 0x0000000082c00000|100%|HC|  |TAMS 0x0000000082c00000, 0x0000000082b00000| Complete 
|  44|0x0000000082c00000, 0x0000000082d00000, 0x0000000082d00000|100%|HC|  |TAMS 0x0000000082d00000, 0x0000000082c00000| Complete 
|  45|0x0000000082d00000, 0x0000000082e00000, 0x0000000082e00000|100%| O|  |TAMS 0x0000000082e00000, 0x0000000082d00000| Untracked 
|  46|0x0000000082e00000, 0x0000000082f00000, 0x0000000082f00000|100%| O|  |TAMS 0x0000000082f00000, 0x0000000082e00000| Untracked 
|  47|0x0000000082f00000, 0x0000000083000000, 0x0000000083000000|100%| O|  |TAMS 0x0000000083000000, 0x0000000082f00000| Untracked 
|  48|0x0000000083000000, 0x0000000083100000, 0x0000000083100000|100%| O|  |TAMS 0x0000000083100000, 0x0000000083000000| Untracked 
|  49|0x0000000083100000, 0x0000000083200000, 0x0000000083200000|100%| O|  |TAMS 0x0000000083200000, 0x0000000083100000| Untracked 
|  50|0x0000000083200000, 0x0000000083300000, 0x0000000083300000|100%|HS|  |TAMS 0x0000000083300000, 0x0000000083200000| Complete 
|  51|0x0000000083300000, 0x0000000083400000, 0x0000000083400000|100%|HC|  |TAMS 0x0000000083400000, 0x0000000083300000| Complete 
|  52|0x0000000083400000, 0x0000000083500000, 0x0000000083500000|100%|HC|  |TAMS 0x0000000083500000, 0x0000000083400000| Complete 
|  53|0x0000000083500000, 0x0000000083600000, 0x0000000083600000|100%|HC|  |TAMS 0x0000000083600000, 0x0000000083500000| Complete 
|  54|0x0000000083600000, 0x0000000083700000, 0x0000000083700000|100%| O|  |TAMS 0x0000000083700000, 0x0000000083600000| Untracked 
|  55|0x0000000083700000, 0x0000000083800000, 0x0000000083800000|100%| O|  |TAMS 0x0000000083800000, 0x0000000083700000| Untracked 
|  56|0x0000000083800000, 0x0000000083900000, 0x0000000083900000|100%| O|  |TAMS 0x0000000083900000, 0x0000000083800000| Untracked 
|  57|0x0000000083900000, 0x0000000083a00000, 0x0000000083a00000|100%| O|  |TAMS 0x0000000083a00000, 0x0000000083900000| Untracked 
|  58|0x0000000083a00000, 0x0000000083b00000, 0x0000000083b00000|100%| O|  |TAMS 0x0000000083b00000, 0x0000000083a00000| Untracked 
|  59|0x0000000083b00000, 0x0000000083c00000, 0x0000000083c00000|100%| O|  |TAMS 0x0000000083c00000, 0x0000000083b00000| Untracked 
|  60|0x0000000083c00000, 0x0000000083d00000, 0x0000000083d00000|100%| O|  |TAMS 0x0000000083d00000, 0x0000000083c00000| Untracked 
|  61|0x0000000083d00000, 0x0000000083e00000, 0x0000000083e00000|100%| O|  |TAMS 0x0000000083e00000, 0x0000000083d00000| Untracked 
|  62|0x0000000083e00000, 0x0000000083f00000, 0x0000000083f00000|100%| O|  |TAMS 0x0000000083f00000, 0x0000000083e00000| Untracked 
|  63|0x0000000083f00000, 0x0000000084000000, 0x0000000084000000|100%| O|  |TAMS 0x0000000084000000, 0x0000000083f00000| Untracked 
|  64|0x0000000084000000, 0x0000000084100000, 0x0000000084100000|100%| O|  |TAMS 0x0000000084000000, 0x0000000084000000| Untracked 
|  65|0x0000000084100000, 0x0000000084200000, 0x0000000084200000|100%|HS|  |TAMS 0x0000000084200000, 0x0000000084100000| Complete 
|  66|0x0000000084200000, 0x0000000084300000, 0x0000000084300000|100%|HS|  |TAMS 0x0000000084300000, 0x0000000084200000| Complete 
|  67|0x0000000084300000, 0x0000000084400000, 0x0000000084400000|100%|HS|  |TAMS 0x0000000084400000, 0x0000000084300000| Complete 
|  68|0x0000000084400000, 0x0000000084500000, 0x0000000084500000|100%| O|  |TAMS 0x0000000084500000, 0x0000000084400000| Untracked 
|  69|0x0000000084500000, 0x0000000084600000, 0x0000000084600000|100%| O|  |TAMS 0x0000000084600000, 0x0000000084500000| Untracked 
|  70|0x0000000084600000, 0x0000000084700000, 0x0000000084700000|100%| O|  |TAMS 0x0000000084700000, 0x0000000084600000| Untracked 
|  71|0x0000000084700000, 0x0000000084800000, 0x0000000084800000|100%|HS|  |TAMS 0x0000000084800000, 0x0000000084700000| Complete 
|  72|0x0000000084800000, 0x0000000084900000, 0x0000000084900000|100%| O|  |TAMS 0x0000000084900000, 0x0000000084800000| Untracked 
|  73|0x0000000084900000, 0x0000000084a00000, 0x0000000084a00000|100%| O|  |TAMS 0x0000000084a00000, 0x0000000084900000| Untracked 
|  74|0x0000000084a00000, 0x0000000084b00000, 0x0000000084b00000|100%| O|  |TAMS 0x0000000084b00000, 0x0000000084a00000| Untracked 
|  75|0x0000000084b00000, 0x0000000084c00000, 0x0000000084c00000|100%| O|  |TAMS 0x0000000084c00000, 0x0000000084b00000| Untracked 
|  76|0x0000000084c00000, 0x0000000084d00000, 0x0000000084d00000|100%| O|  |TAMS 0x0000000084d00000, 0x0000000084c00000| Untracked 
|  77|0x0000000084d00000, 0x0000000084e00000, 0x0000000084e00000|100%| O|  |TAMS 0x0000000084e00000, 0x0000000084d00000| Untracked 
|  78|0x0000000084e00000, 0x0000000084f00000, 0x0000000084f00000|100%| O|  |TAMS 0x0000000084f00000, 0x0000000084e00000| Untracked 
|  79|0x0000000084f00000, 0x0000000085000000, 0x0000000085000000|100%| O|  |TAMS 0x0000000085000000, 0x0000000084f00000| Untracked 
|  80|0x0000000085000000, 0x0000000085100000, 0x0000000085100000|100%| O|  |TAMS 0x0000000085100000, 0x0000000085000000| Untracked 
|  81|0x0000000085100000, 0x0000000085200000, 0x0000000085200000|100%| O|  |TAMS 0x0000000085200000, 0x0000000085100000| Untracked 
|  82|0x0000000085200000, 0x0000000085300000, 0x0000000085300000|100%| O|  |TAMS 0x0000000085300000, 0x0000000085200000| Untracked 
|  83|0x0000000085300000, 0x0000000085400000, 0x0000000085400000|100%| O|  |TAMS 0x0000000085400000, 0x0000000085300000| Untracked 
|  84|0x0000000085400000, 0x0000000085500000, 0x0000000085500000|100%| O|  |TAMS 0x0000000085500000, 0x0000000085400000| Untracked 
|  85|0x0000000085500000, 0x00000000855ffff8, 0x0000000085600000| 99%| O|  |TAMS 0x000000008554d000, 0x0000000085500000| Untracked 
|  86|0x0000000085600000, 0x0000000085700000, 0x0000000085700000|100%| O|  |TAMS 0x0000000085600000, 0x0000000085600000| Untracked 
|  87|0x0000000085700000, 0x0000000085800000, 0x0000000085800000|100%| O|  |TAMS 0x0000000085700000, 0x0000000085700000| Untracked 
|  88|0x0000000085800000, 0x0000000085900000, 0x0000000085900000|100%| O|  |TAMS 0x0000000085800000, 0x0000000085800000| Untracked 
|  89|0x0000000085900000, 0x0000000085a00000, 0x0000000085a00000|100%|HS|  |TAMS 0x0000000085900000, 0x0000000085900000| Complete 
|  90|0x0000000085a00000, 0x0000000085b00000, 0x0000000085b00000|100%| O|  |TAMS 0x0000000085a00000, 0x0000000085a00000| Untracked 
|  91|0x0000000085b00000, 0x0000000085c00000, 0x0000000085c00000|100%| O|  |TAMS 0x0000000085b00000, 0x0000000085b00000| Untracked 
|  92|0x0000000085c00000, 0x0000000085d00000, 0x0000000085d00000|100%|HS|  |TAMS 0x0000000085c00000, 0x0000000085c00000| Complete 
|  93|0x0000000085d00000, 0x0000000085e00000, 0x0000000085e00000|100%|HC|  |TAMS 0x0000000085d00000, 0x0000000085d00000| Complete 
|  94|0x0000000085e00000, 0x0000000085f00000, 0x0000000085f00000|100%| O|  |TAMS 0x0000000085e00000, 0x0000000085e00000| Untracked 
|  95|0x0000000085f00000, 0x0000000086000000, 0x0000000086000000|100%| O|  |TAMS 0x0000000085f00000, 0x0000000085f00000| Untracked 
|  96|0x0000000086000000, 0x0000000086100000, 0x0000000086100000|100%| O|  |TAMS 0x0000000086000000, 0x0000000086000000| Untracked 
|  97|0x0000000086100000, 0x0000000086200000, 0x0000000086200000|100%| O|  |TAMS 0x0000000086100000, 0x0000000086100000| Untracked 
|  98|0x0000000086200000, 0x0000000086300000, 0x0000000086300000|100%| O|  |TAMS 0x0000000086200000, 0x0000000086200000| Untracked 
|  99|0x0000000086300000, 0x0000000086400000, 0x0000000086400000|100%| O|  |TAMS 0x0000000086300000, 0x0000000086300000| Untracked 
| 100|0x0000000086400000, 0x0000000086500000, 0x0000000086500000|100%| O|  |TAMS 0x0000000086400000, 0x0000000086400000| Untracked 
| 101|0x0000000086500000, 0x0000000086600000, 0x0000000086600000|100%| O|  |TAMS 0x0000000086500000, 0x0000000086500000| Untracked 
| 102|0x0000000086600000, 0x0000000086700000, 0x0000000086700000|100%| O|  |TAMS 0x0000000086600000, 0x0000000086600000| Untracked 
| 103|0x0000000086700000, 0x0000000086800000, 0x0000000086800000|100%| O|  |TAMS 0x0000000086700000, 0x0000000086700000| Untracked 
| 104|0x0000000086800000, 0x0000000086900000, 0x0000000086900000|100%| O|  |TAMS 0x0000000086800000, 0x0000000086800000| Untracked 
| 105|0x0000000086900000, 0x0000000086a00000, 0x0000000086a00000|100%| O|  |TAMS 0x0000000086900000, 0x0000000086900000| Untracked 
| 106|0x0000000086a00000, 0x0000000086b00000, 0x0000000086b00000|100%| O|  |TAMS 0x0000000086a00000, 0x0000000086a00000| Untracked 
| 107|0x0000000086b00000, 0x0000000086c00000, 0x0000000086c00000|100%| O|  |TAMS 0x0000000086b00000, 0x0000000086b00000| Untracked 
| 108|0x0000000086c00000, 0x0000000086d00000, 0x0000000086d00000|100%| O|  |TAMS 0x0000000086c00000, 0x0000000086c00000| Untracked 
| 109|0x0000000086d00000, 0x0000000086e00000, 0x0000000086e00000|100%|HS|  |TAMS 0x0000000086d00000, 0x0000000086d00000| Complete 
| 110|0x0000000086e00000, 0x0000000086f00000, 0x0000000086f00000|100%|HS|  |TAMS 0x0000000086e00000, 0x0000000086e00000| Complete 
| 111|0x0000000086f00000, 0x0000000087000000, 0x0000000087000000|100%|HS|  |TAMS 0x0000000086f00000, 0x0000000086f00000| Complete 
| 112|0x0000000087000000, 0x0000000087100000, 0x0000000087100000|100%| O|  |TAMS 0x0000000087000000, 0x0000000087000000| Untracked 
| 113|0x0000000087100000, 0x0000000087200000, 0x0000000087200000|100%| O|  |TAMS 0x0000000087100000, 0x0000000087100000| Untracked 
| 114|0x0000000087200000, 0x0000000087300000, 0x0000000087300000|100%| O|  |TAMS 0x0000000087200000, 0x0000000087200000| Untracked 
| 115|0x0000000087300000, 0x0000000087400000, 0x0000000087400000|100%| O|  |TAMS 0x0000000087300000, 0x0000000087300000| Untracked 
| 116|0x0000000087400000, 0x0000000087500000, 0x0000000087500000|100%| O|  |TAMS 0x0000000087400000, 0x0000000087400000| Untracked 
| 117|0x0000000087500000, 0x0000000087600000, 0x0000000087600000|100%| O|  |TAMS 0x0000000087500000, 0x0000000087500000| Untracked 
| 118|0x0000000087600000, 0x0000000087700000, 0x0000000087700000|100%| O|  |TAMS 0x0000000087600000, 0x0000000087600000| Untracked 
| 119|0x0000000087700000, 0x0000000087800000, 0x0000000087800000|100%| O|  |TAMS 0x0000000087700000, 0x0000000087700000| Untracked 
| 120|0x0000000087800000, 0x0000000087900000, 0x0000000087900000|100%| O|  |TAMS 0x0000000087800000, 0x0000000087800000| Untracked 
| 121|0x0000000087900000, 0x0000000087a00000, 0x0000000087a00000|100%| O|  |TAMS 0x0000000087900000, 0x0000000087900000| Untracked 
| 122|0x0000000087a00000, 0x0000000087b00000, 0x0000000087b00000|100%| O|  |TAMS 0x0000000087a00000, 0x0000000087a00000| Untracked 
| 123|0x0000000087b00000, 0x0000000087c00000, 0x0000000087c00000|100%| O|  |TAMS 0x0000000087b00000, 0x0000000087b00000| Untracked 
| 124|0x0000000087c00000, 0x0000000087d00000, 0x0000000087d00000|100%| O|  |TAMS 0x0000000087c00000, 0x0000000087c00000| Untracked 
| 125|0x0000000087d00000, 0x0000000087e00000, 0x0000000087e00000|100%| O|  |TAMS 0x0000000087d00000, 0x0000000087d00000| Untracked 
| 126|0x0000000087e00000, 0x0000000087f00000, 0x0000000087f00000|100%| O|  |TAMS 0x0000000087e00000, 0x0000000087e00000| Untracked 
| 127|0x0000000087f00000, 0x0000000088000000, 0x0000000088000000|100%| O|  |TAMS 0x0000000087f00000, 0x0000000087f00000| Untracked 
| 128|0x0000000088000000, 0x0000000088100000, 0x0000000088100000|100%| O|  |TAMS 0x0000000088000000, 0x0000000088000000| Untracked 
| 129|0x0000000088100000, 0x0000000088200000, 0x0000000088200000|100%| O|  |TAMS 0x0000000088100000, 0x0000000088100000| Untracked 
| 130|0x0000000088200000, 0x0000000088300000, 0x0000000088300000|100%| O|  |TAMS 0x0000000088200000, 0x0000000088200000| Untracked 
| 131|0x0000000088300000, 0x0000000088400000, 0x0000000088400000|100%| O|  |TAMS 0x0000000088300000, 0x0000000088300000| Untracked 
| 132|0x0000000088400000, 0x0000000088500000, 0x0000000088500000|100%| O|  |TAMS 0x0000000088400000, 0x0000000088400000| Untracked 
| 133|0x0000000088500000, 0x0000000088600000, 0x0000000088600000|100%| O|  |TAMS 0x0000000088500000, 0x0000000088500000| Untracked 
| 134|0x0000000088600000, 0x0000000088700000, 0x0000000088700000|100%| O|  |TAMS 0x0000000088600000, 0x0000000088600000| Untracked 
| 135|0x0000000088700000, 0x0000000088800000, 0x0000000088800000|100%| O|  |TAMS 0x0000000088700000, 0x0000000088700000| Untracked 
| 136|0x0000000088800000, 0x0000000088900000, 0x0000000088900000|100%| O|  |TAMS 0x0000000088800000, 0x0000000088800000| Untracked 
| 137|0x0000000088900000, 0x0000000088a00000, 0x0000000088a00000|100%| O|  |TAMS 0x0000000088900000, 0x0000000088900000| Untracked 
| 138|0x0000000088a00000, 0x0000000088b00000, 0x0000000088b00000|100%| O|  |TAMS 0x0000000088a00000, 0x0000000088a00000| Untracked 
| 139|0x0000000088b00000, 0x0000000088c00000, 0x0000000088c00000|100%| O|  |TAMS 0x0000000088b00000, 0x0000000088b00000| Untracked 
| 140|0x0000000088c00000, 0x0000000088d00000, 0x0000000088d00000|100%| O|  |TAMS 0x0000000088c00000, 0x0000000088c00000| Untracked 
| 141|0x0000000088d00000, 0x0000000088e00000, 0x0000000088e00000|100%| O|  |TAMS 0x0000000088d00000, 0x0000000088d00000| Untracked 
| 142|0x0000000088e00000, 0x0000000088f00000, 0x0000000088f00000|100%| O|  |TAMS 0x0000000088e00000, 0x0000000088e00000| Untracked 
| 143|0x0000000088f00000, 0x0000000089000000, 0x0000000089000000|100%| O|  |TAMS 0x0000000088f00000, 0x0000000088f00000| Untracked 
| 144|0x0000000089000000, 0x0000000089100000, 0x0000000089100000|100%| O|  |TAMS 0x0000000089000000, 0x0000000089000000| Untracked 
| 145|0x0000000089100000, 0x0000000089200000, 0x0000000089200000|100%| O|  |TAMS 0x0000000089100000, 0x0000000089100000| Untracked 
| 146|0x0000000089200000, 0x0000000089300000, 0x0000000089300000|100%| O|  |TAMS 0x0000000089200000, 0x0000000089200000| Untracked 
| 147|0x0000000089300000, 0x0000000089347a00, 0x0000000089400000| 27%| O|  |TAMS 0x0000000089300000, 0x0000000089300000| Untracked 
| 148|0x0000000089400000, 0x0000000089400000, 0x0000000089500000|  0%| F|  |TAMS 0x0000000089400000, 0x0000000089400000| Untracked 
| 149|0x0000000089500000, 0x0000000089600000, 0x0000000089600000|100%| O|  |TAMS 0x0000000089500000, 0x0000000089500000| Untracked 
| 150|0x0000000089600000, 0x0000000089700000, 0x0000000089700000|100%| O|  |TAMS 0x0000000089600000, 0x0000000089600000| Untracked 
| 151|0x0000000089700000, 0x0000000089800000, 0x0000000089800000|100%| O|  |TAMS 0x0000000089700000, 0x0000000089700000| Untracked 
| 152|0x0000000089800000, 0x0000000089900000, 0x0000000089900000|100%|HS|  |TAMS 0x0000000089800000, 0x0000000089800000| Complete 
| 153|0x0000000089900000, 0x0000000089a00000, 0x0000000089a00000|100%|HC|  |TAMS 0x0000000089900000, 0x0000000089900000| Complete 
| 154|0x0000000089a00000, 0x0000000089b00000, 0x0000000089b00000|100%|HS|  |TAMS 0x0000000089a00000, 0x0000000089a00000| Complete 
| 155|0x0000000089b00000, 0x0000000089c00000, 0x0000000089c00000|100%|HC|  |TAMS 0x0000000089b00000, 0x0000000089b00000| Complete 
| 156|0x0000000089c00000, 0x0000000089c00000, 0x0000000089d00000|  0%| F|  |TAMS 0x0000000089c00000, 0x0000000089c00000| Untracked 
| 157|0x0000000089d00000, 0x0000000089d00000, 0x0000000089e00000|  0%| F|  |TAMS 0x0000000089d00000, 0x0000000089d00000| Untracked 
| 158|0x0000000089e00000, 0x0000000089e00000, 0x0000000089f00000|  0%| F|  |TAMS 0x0000000089e00000, 0x0000000089e00000| Untracked 
| 159|0x0000000089f00000, 0x0000000089f00000, 0x000000008a000000|  0%| F|  |TAMS 0x0000000089f00000, 0x0000000089f00000| Untracked 
| 160|0x000000008a000000, 0x000000008a000000, 0x000000008a100000|  0%| F|  |TAMS 0x000000008a000000, 0x000000008a000000| Untracked 
| 161|0x000000008a100000, 0x000000008a100000, 0x000000008a200000|  0%| F|  |TAMS 0x000000008a100000, 0x000000008a100000| Untracked 
| 162|0x000000008a200000, 0x000000008a200000, 0x000000008a300000|  0%| F|  |TAMS 0x000000008a200000, 0x000000008a200000| Untracked 
| 163|0x000000008a300000, 0x000000008a300000, 0x000000008a400000|  0%| F|  |TAMS 0x000000008a300000, 0x000000008a300000| Untracked 
| 164|0x000000008a400000, 0x000000008a400000, 0x000000008a500000|  0%| F|  |TAMS 0x000000008a400000, 0x000000008a400000| Untracked 
| 165|0x000000008a500000, 0x000000008a500000, 0x000000008a600000|  0%| F|  |TAMS 0x000000008a500000, 0x000000008a500000| Untracked 
| 166|0x000000008a600000, 0x000000008a600000, 0x000000008a700000|  0%| F|  |TAMS 0x000000008a600000, 0x000000008a600000| Untracked 
| 167|0x000000008a700000, 0x000000008a700000, 0x000000008a800000|  0%| F|  |TAMS 0x000000008a700000, 0x000000008a700000| Untracked 
| 168|0x000000008a800000, 0x000000008a800000, 0x000000008a900000|  0%| F|  |TAMS 0x000000008a800000, 0x000000008a800000| Untracked 
| 169|0x000000008a900000, 0x000000008a900000, 0x000000008aa00000|  0%| F|  |TAMS 0x000000008a900000, 0x000000008a900000| Untracked 
| 170|0x000000008aa00000, 0x000000008aa00000, 0x000000008ab00000|  0%| F|  |TAMS 0x000000008aa00000, 0x000000008aa00000| Untracked 
| 171|0x000000008ab00000, 0x000000008ab00000, 0x000000008ac00000|  0%| F|  |TAMS 0x000000008ab00000, 0x000000008ab00000| Untracked 
| 172|0x000000008ac00000, 0x000000008ac00000, 0x000000008ad00000|  0%| F|  |TAMS 0x000000008ac00000, 0x000000008ac00000| Untracked 
| 173|0x000000008ad00000, 0x000000008ad00000, 0x000000008ae00000|  0%| F|  |TAMS 0x000000008ad00000, 0x000000008ad00000| Untracked 
| 174|0x000000008ae00000, 0x000000008ae00000, 0x000000008af00000|  0%| F|  |TAMS 0x000000008ae00000, 0x000000008ae00000| Untracked 
| 175|0x000000008af00000, 0x000000008af00000, 0x000000008b000000|  0%| F|  |TAMS 0x000000008af00000, 0x000000008af00000| Untracked 
| 176|0x000000008b000000, 0x000000008b000000, 0x000000008b100000|  0%| F|  |TAMS 0x000000008b000000, 0x000000008b000000| Untracked 
| 177|0x000000008b100000, 0x000000008b100000, 0x000000008b200000|  0%| F|  |TAMS 0x000000008b100000, 0x000000008b100000| Untracked 
| 178|0x000000008b200000, 0x000000008b200000, 0x000000008b300000|  0%| F|  |TAMS 0x000000008b200000, 0x000000008b200000| Untracked 
| 179|0x000000008b300000, 0x000000008b300000, 0x000000008b400000|  0%| F|  |TAMS 0x000000008b300000, 0x000000008b300000| Untracked 
| 180|0x000000008b400000, 0x000000008b4ef440, 0x000000008b500000| 93%| S|CS|TAMS 0x000000008b400000, 0x000000008b400000| Complete 
| 181|0x000000008b500000, 0x000000008b600000, 0x000000008b600000|100%| S|CS|TAMS 0x000000008b500000, 0x000000008b500000| Complete 
| 182|0x000000008b600000, 0x000000008b700000, 0x000000008b700000|100%| S|CS|TAMS 0x000000008b600000, 0x000000008b600000| Complete 
| 183|0x000000008b700000, 0x000000008b800000, 0x000000008b800000|100%| S|CS|TAMS 0x000000008b700000, 0x000000008b700000| Complete 
| 184|0x000000008b800000, 0x000000008b900000, 0x000000008b900000|100%| S|CS|TAMS 0x000000008b800000, 0x000000008b800000| Complete 
| 185|0x000000008b900000, 0x000000008ba00000, 0x000000008ba00000|100%| S|CS|TAMS 0x000000008b900000, 0x000000008b900000| Complete 
| 186|0x000000008ba00000, 0x000000008bb00000, 0x000000008bb00000|100%| S|CS|TAMS 0x000000008ba00000, 0x000000008ba00000| Complete 
| 187|0x000000008bb00000, 0x000000008bb00000, 0x000000008bc00000|  0%| F|  |TAMS 0x000000008bb00000, 0x000000008bb00000| Untracked 
| 188|0x000000008bc00000, 0x000000008bc00000, 0x000000008bd00000|  0%| F|  |TAMS 0x000000008bc00000, 0x000000008bc00000| Untracked 
| 189|0x000000008bd00000, 0x000000008bd00000, 0x000000008be00000|  0%| F|  |TAMS 0x000000008bd00000, 0x000000008bd00000| Untracked 
| 190|0x000000008be00000, 0x000000008be00000, 0x000000008bf00000|  0%| F|  |TAMS 0x000000008be00000, 0x000000008be00000| Untracked 
| 191|0x000000008bf00000, 0x000000008bf00000, 0x000000008c000000|  0%| F|  |TAMS 0x000000008bf00000, 0x000000008bf00000| Untracked 
| 192|0x000000008c000000, 0x000000008c000000, 0x000000008c100000|  0%| F|  |TAMS 0x000000008c000000, 0x000000008c000000| Untracked 
| 193|0x000000008c100000, 0x000000008c100000, 0x000000008c200000|  0%| F|  |TAMS 0x000000008c100000, 0x000000008c100000| Untracked 
| 194|0x000000008c200000, 0x000000008c200000, 0x000000008c300000|  0%| F|  |TAMS 0x000000008c200000, 0x000000008c200000| Untracked 
| 195|0x000000008c300000, 0x000000008c300000, 0x000000008c400000|  0%| F|  |TAMS 0x000000008c300000, 0x000000008c300000| Untracked 
| 196|0x000000008c400000, 0x000000008c400000, 0x000000008c500000|  0%| F|  |TAMS 0x000000008c400000, 0x000000008c400000| Untracked 
| 197|0x000000008c500000, 0x000000008c500000, 0x000000008c600000|  0%| F|  |TAMS 0x000000008c500000, 0x000000008c500000| Untracked 
| 198|0x000000008c600000, 0x000000008c600000, 0x000000008c700000|  0%| F|  |TAMS 0x000000008c600000, 0x000000008c600000| Untracked 
| 199|0x000000008c700000, 0x000000008c700000, 0x000000008c800000|  0%| F|  |TAMS 0x000000008c700000, 0x000000008c700000| Untracked 
| 200|0x000000008c800000, 0x000000008c800000, 0x000000008c900000|  0%| F|  |TAMS 0x000000008c800000, 0x000000008c800000| Untracked 
| 201|0x000000008c900000, 0x000000008c900000, 0x000000008ca00000|  0%| F|  |TAMS 0x000000008c900000, 0x000000008c900000| Untracked 
| 202|0x000000008ca00000, 0x000000008ca00000, 0x000000008cb00000|  0%| F|  |TAMS 0x000000008ca00000, 0x000000008ca00000| Untracked 
| 203|0x000000008cb00000, 0x000000008cb00000, 0x000000008cc00000|  0%| F|  |TAMS 0x000000008cb00000, 0x000000008cb00000| Untracked 
| 204|0x000000008cc00000, 0x000000008cc00000, 0x000000008cd00000|  0%| F|  |TAMS 0x000000008cc00000, 0x000000008cc00000| Untracked 
| 205|0x000000008cd00000, 0x000000008cd00000, 0x000000008ce00000|  0%| F|  |TAMS 0x000000008cd00000, 0x000000008cd00000| Untracked 
| 206|0x000000008ce00000, 0x000000008ce00000, 0x000000008cf00000|  0%| F|  |TAMS 0x000000008ce00000, 0x000000008ce00000| Untracked 
| 207|0x000000008cf00000, 0x000000008cf00000, 0x000000008d000000|  0%| F|  |TAMS 0x000000008cf00000, 0x000000008cf00000| Untracked 
| 208|0x000000008d000000, 0x000000008d000000, 0x000000008d100000|  0%| F|  |TAMS 0x000000008d000000, 0x000000008d000000| Untracked 
| 209|0x000000008d100000, 0x000000008d100000, 0x000000008d200000|  0%| F|  |TAMS 0x000000008d100000, 0x000000008d100000| Untracked 
| 210|0x000000008d200000, 0x000000008d200000, 0x000000008d300000|  0%| F|  |TAMS 0x000000008d200000, 0x000000008d200000| Untracked 
| 211|0x000000008d300000, 0x000000008d3c2a68, 0x000000008d400000| 76%| E|  |TAMS 0x000000008d300000, 0x000000008d300000| Complete 
| 212|0x000000008d400000, 0x000000008d500000, 0x000000008d500000|100%| E|CS|TAMS 0x000000008d400000, 0x000000008d400000| Complete 
| 213|0x000000008d500000, 0x000000008d600000, 0x000000008d600000|100%| E|CS|TAMS 0x000000008d500000, 0x000000008d500000| Complete 
| 214|0x000000008d600000, 0x000000008d700000, 0x000000008d700000|100%| E|CS|TAMS 0x000000008d600000, 0x000000008d600000| Complete 
| 215|0x000000008d700000, 0x000000008d800000, 0x000000008d800000|100%| E|CS|TAMS 0x000000008d700000, 0x000000008d700000| Complete 
| 216|0x000000008d800000, 0x000000008d900000, 0x000000008d900000|100%| E|CS|TAMS 0x000000008d800000, 0x000000008d800000| Complete 
| 217|0x000000008d900000, 0x000000008da00000, 0x000000008da00000|100%| E|CS|TAMS 0x000000008d900000, 0x000000008d900000| Complete 
| 218|0x000000008da00000, 0x000000008db00000, 0x000000008db00000|100%| E|CS|TAMS 0x000000008da00000, 0x000000008da00000| Complete 
| 219|0x000000008db00000, 0x000000008dc00000, 0x000000008dc00000|100%| E|CS|TAMS 0x000000008db00000, 0x000000008db00000| Complete 
| 220|0x000000008dc00000, 0x000000008dd00000, 0x000000008dd00000|100%| E|CS|TAMS 0x000000008dc00000, 0x000000008dc00000| Complete 
| 221|0x000000008dd00000, 0x000000008de00000, 0x000000008de00000|100%| E|CS|TAMS 0x000000008dd00000, 0x000000008dd00000| Complete 
| 222|0x000000008de00000, 0x000000008df00000, 0x000000008df00000|100%| E|CS|TAMS 0x000000008de00000, 0x000000008de00000| Complete 
| 223|0x000000008df00000, 0x000000008e000000, 0x000000008e000000|100%| E|CS|TAMS 0x000000008df00000, 0x000000008df00000| Complete 
| 224|0x000000008e000000, 0x000000008e100000, 0x000000008e100000|100%| E|CS|TAMS 0x000000008e000000, 0x000000008e000000| Complete 
| 225|0x000000008e100000, 0x000000008e200000, 0x000000008e200000|100%| E|CS|TAMS 0x000000008e100000, 0x000000008e100000| Complete 
| 226|0x000000008e200000, 0x000000008e300000, 0x000000008e300000|100%| E|CS|TAMS 0x000000008e200000, 0x000000008e200000| Complete 
| 227|0x000000008e300000, 0x000000008e400000, 0x000000008e400000|100%| E|CS|TAMS 0x000000008e300000, 0x000000008e300000| Complete 
| 228|0x000000008e400000, 0x000000008e500000, 0x000000008e500000|100%| E|CS|TAMS 0x000000008e400000, 0x000000008e400000| Complete 
| 229|0x000000008e500000, 0x000000008e600000, 0x000000008e600000|100%| E|CS|TAMS 0x000000008e500000, 0x000000008e500000| Complete 
| 230|0x000000008e600000, 0x000000008e700000, 0x000000008e700000|100%| E|CS|TAMS 0x000000008e600000, 0x000000008e600000| Complete 
| 231|0x000000008e700000, 0x000000008e800000, 0x000000008e800000|100%| E|CS|TAMS 0x000000008e700000, 0x000000008e700000| Complete 
| 232|0x000000008e800000, 0x000000008e900000, 0x000000008e900000|100%| E|CS|TAMS 0x000000008e800000, 0x000000008e800000| Complete 
| 233|0x000000008e900000, 0x000000008ea00000, 0x000000008ea00000|100%| E|CS|TAMS 0x000000008e900000, 0x000000008e900000| Complete 
| 234|0x000000008ea00000, 0x000000008eb00000, 0x000000008eb00000|100%| E|CS|TAMS 0x000000008ea00000, 0x000000008ea00000| Complete 
| 235|0x000000008eb00000, 0x000000008ec00000, 0x000000008ec00000|100%| E|CS|TAMS 0x000000008eb00000, 0x000000008eb00000| Complete 
| 236|0x000000008ec00000, 0x000000008ed00000, 0x000000008ed00000|100%| E|CS|TAMS 0x000000008ec00000, 0x000000008ec00000| Complete 
| 237|0x000000008ed00000, 0x000000008ee00000, 0x000000008ee00000|100%| E|CS|TAMS 0x000000008ed00000, 0x000000008ed00000| Complete 
| 238|0x000000008ee00000, 0x000000008ef00000, 0x000000008ef00000|100%| E|CS|TAMS 0x000000008ee00000, 0x000000008ee00000| Complete 
| 239|0x000000008ef00000, 0x000000008f000000, 0x000000008f000000|100%| E|CS|TAMS 0x000000008ef00000, 0x000000008ef00000| Complete 
| 240|0x000000008f000000, 0x000000008f100000, 0x000000008f100000|100%| E|CS|TAMS 0x000000008f000000, 0x000000008f000000| Complete 
| 241|0x000000008f100000, 0x000000008f200000, 0x000000008f200000|100%| E|CS|TAMS 0x000000008f100000, 0x000000008f100000| Complete 
| 242|0x000000008f200000, 0x000000008f300000, 0x000000008f300000|100%| E|CS|TAMS 0x000000008f200000, 0x000000008f200000| Complete 

Card table byte_map: [0x000001da450a0000,0x000001da454a0000] _byte_map_base: 0x000001da44ca0000

Marking Bits (Prev, Next): (CMBitMap*) 0x000001da2e200020, (CMBitMap*) 0x000001da2e200060
 Prev Bits: [0x000001da458a0000, 0x000001da478a0000)
 Next Bits: [0x000001da478a0000, 0x000001da498a0000)

Polling page: 0x000001da2c0d0000

Metaspace:

Usage:
  Non-class:     85.87 MB used.
      Class:     13.75 MB used.
       Both:     99.62 MB used.

Virtual space:
  Non-class space:      128.00 MB reserved,      86.31 MB ( 67%) committed,  2 nodes.
      Class space:      416.00 MB reserved,      14.25 MB (  3%) committed,  1 nodes.
             Both:      544.00 MB reserved,     100.56 MB ( 18%) committed. 

Chunk freelists:
   Non-Class:  8.94 MB
       Class:  1.75 MB
        Both:  10.68 MB

MaxMetaspaceSize: 512.00 MB
CompressedClassSpaceSize: 416.00 MB
Initial GC threshold: 21.00 MB
Current GC threshold: 129.38 MB
CDS: on
MetaspaceReclaimPolicy: balanced
 - commit_granule_bytes: 65536.
 - commit_granule_words: 8192.
 - virtual_space_node_default_size: 8388608.
 - enlarge_chunks_in_place: 1.
 - new_chunks_are_fully_committed: 0.
 - uncommit_free_chunks: 1.
 - use_allocation_guard: 0.
 - handle_deallocations: 1.


Internal statistics:

num_allocs_failed_limit: 6.
num_arena_births: 1240.
num_arena_deaths: 0.
num_vsnodes_births: 3.
num_vsnodes_deaths: 0.
num_space_committed: 1608.
num_space_uncommitted: 0.
num_chunks_returned_to_freelist: 6.
num_chunks_taken_from_freelist: 5701.
num_chunk_merges: 6.
num_chunk_splits: 3700.
num_chunks_enlarged: 2381.
num_inconsistent_stats: 0.

CodeHeap 'non-profiled nmethods': size=120000Kb used=8403Kb max_used=8403Kb free=111596Kb
 bounds [0x000001da3d770000, 0x000001da3dfb0000, 0x000001da44ca0000]
CodeHeap 'profiled nmethods': size=120000Kb used=25162Kb max_used=25898Kb free=94838Kb
 bounds [0x000001da35ca0000, 0x000001da375f0000, 0x000001da3d1d0000]
CodeHeap 'non-nmethods': size=5760Kb used=2399Kb max_used=2532Kb free=3360Kb
 bounds [0x000001da3d1d0000, 0x000001da3d460000, 0x000001da3d770000]
 total_blobs=13715 nmethods=12779 adapters=848
 compilation: enabled
              stopped_count=0, restarted_count=0
 full_count=0

Compilation events (20 events):
Event: 87.223 Thread 0x000001da4bd94360 15008   !   3       java.io.BufferedReader::close (61 bytes)
Event: 87.224 Thread 0x000001da4bd94360 nmethod 15008 0x000001da35f00990 code [0x000001da35f00b60, 0x000001da35f00fe8]
Event: 87.224 Thread 0x000001da4bd94360 15009   !   3       sun.nio.ch.FileChannelImpl$Closer::run (28 bytes)
Event: 87.225 Thread 0x000001da4bd94360 nmethod 15009 0x000001da3629b910 code [0x000001da3629bb20, 0x000001da3629c1c8]
Event: 87.225 Thread 0x000001da4bd94360 15010       3       org.gradle.internal.execution.history.impl.FileCollectionFingerprintSerializer::readRootHashes (78 bytes)
Event: 87.227 Thread 0x000001da4bd94360 nmethod 15010 0x000001da36411f90 code [0x000001da36412240, 0x000001da364131b8]
Event: 87.228 Thread 0x000001da4bd94360 15012       3       java.nio.charset.CharsetDecoder::implReplaceWith (1 bytes)
Event: 87.228 Thread 0x000001da4bd94360 nmethod 15012 0x000001da373a1c10 code [0x000001da373a1da0, 0x000001da373a1eb8]
Event: 87.234 Thread 0x000001da4bd94360 15014       3       org.gradle.internal.execution.workspace.impl.DefaultImmutableWorkspaceProvider$$Lambda$592/0x000001da4d517200::create (16 bytes)
Event: 87.234 Thread 0x000001da4bd94360 nmethod 15014 0x000001da35f00590 code [0x000001da35f00740, 0x000001da35f00888]
Event: 87.234 Thread 0x000001da4bd94360 15015       3       org.gradle.internal.execution.workspace.impl.DefaultImmutableWorkspaceProvider::lambda$withWorkspace$3 (33 bytes)
Event: 87.235 Thread 0x000001da4bd94360 nmethod 15015 0x000001da3629b090 code [0x000001da3629b260, 0x000001da3629b508]
Event: 87.245 Thread 0x000001da4bd94360 15016       3       org.gradle.internal.execution.workspace.impl.DefaultImmutableWorkspaceProvider::withWorkspace (18 bytes)
Event: 87.246 Thread 0x000001da4bd94360 nmethod 15016 0x000001da36610c90 code [0x000001da36610ea0, 0x000001da366115f8]
Event: 87.246 Thread 0x000001da4bd94360 15017       3       org.gradle.cache.internal.DefaultCacheFactory$ReferenceTrackingCache::withFileLock (14 bytes)
Event: 87.246 Thread 0x000001da4bd94360 nmethod 15017 0x000001da36610490 code [0x000001da36610660, 0x000001da366109e8]
Event: 87.256 Thread 0x000001da4bd94360 15019       3       sun.nio.fs.NativeBuffer$Deallocator::<init> (10 bytes)
Event: 87.256 Thread 0x000001da4bd94360 nmethod 15019 0x000001da35f00190 code [0x000001da35f00320, 0x000001da35f00498]
Event: 87.261 Thread 0x000001da4bd94360 15020       2       java.util.TimSort::countRunAndMakeAscending (128 bytes)
Event: 87.262 Thread 0x000001da4bd94360 nmethod 15020 0x000001da368b4490 code [0x000001da368b4680, 0x000001da368b4a58]

GC Heap History (20 events):
Event: 77.425 GC heap before
{Heap before GC invocations=56 (full 0):
 garbage-first heap   total 206848K, used 164675K [0x0000000080000000, 0x0000000100000000)
  region size 1024K, 44 young (45056K), 4 survivors (4096K)
 Metaspace       used 90193K, committed 91072K, reserved 557056K
  class space    used 12629K, committed 13056K, reserved 425984K
}
Event: 77.443 GC heap after
{Heap after GC invocations=57 (full 0):
 garbage-first heap   total 206848K, used 133955K [0x0000000080000000, 0x0000000100000000)
  region size 1024K, 6 young (6144K), 6 survivors (6144K)
 Metaspace       used 90193K, committed 91072K, reserved 557056K
  class space    used 12629K, committed 13056K, reserved 425984K
}
Event: 78.752 GC heap before
{Heap before GC invocations=57 (full 0):
 garbage-first heap   total 206848K, used 165699K [0x0000000080000000, 0x0000000100000000)
  region size 1024K, 37 young (37888K), 6 survivors (6144K)
 Metaspace       used 92174K, committed 93056K, reserved 557056K
  class space    used 12908K, committed 13312K, reserved 425984K
}
Event: 78.768 GC heap after
{Heap after GC invocations=58 (full 0):
 garbage-first heap   total 206848K, used 136830K [0x0000000080000000, 0x0000000100000000)
  region size 1024K, 3 young (3072K), 3 survivors (3072K)
 Metaspace       used 92174K, committed 93056K, reserved 557056K
  class space    used 12908K, committed 13312K, reserved 425984K
}
Event: 79.558 GC heap before
{Heap before GC invocations=58 (full 0):
 garbage-first heap   total 206848K, used 167550K [0x0000000080000000, 0x0000000100000000)
  region size 1024K, 33 young (33792K), 3 survivors (3072K)
 Metaspace       used 95508K, committed 96448K, reserved 557056K
  class space    used 13363K, committed 13824K, reserved 425984K
}
Event: 79.566 GC heap after
{Heap after GC invocations=59 (full 0):
 garbage-first heap   total 206848K, used 137884K [0x0000000080000000, 0x0000000100000000)
  region size 1024K, 4 young (4096K), 4 survivors (4096K)
 Metaspace       used 95508K, committed 96448K, reserved 557056K
  class space    used 13363K, committed 13824K, reserved 425984K
}
Event: 80.493 GC heap before
{Heap before GC invocations=59 (full 0):
 garbage-first heap   total 206848K, used 170652K [0x0000000080000000, 0x0000000100000000)
  region size 1024K, 36 young (36864K), 4 survivors (4096K)
 Metaspace       used 96993K, committed 97920K, reserved 557056K
  class space    used 13560K, committed 14016K, reserved 425984K
}
Event: 80.512 GC heap after
{Heap after GC invocations=60 (full 0):
 garbage-first heap   total 206848K, used 141138K [0x0000000080000000, 0x0000000100000000)
  region size 1024K, 5 young (5120K), 5 survivors (5120K)
 Metaspace       used 96993K, committed 97920K, reserved 557056K
  class space    used 13560K, committed 14016K, reserved 425984K
}
Event: 81.310 GC heap before
{Heap before GC invocations=60 (full 0):
 garbage-first heap   total 206848K, used 171858K [0x0000000080000000, 0x0000000100000000)
  region size 1024K, 35 young (35840K), 5 survivors (5120K)
 Metaspace       used 98140K, committed 99008K, reserved 557056K
  class space    used 13699K, committed 14144K, reserved 425984K
}
Event: 81.326 GC heap after
{Heap after GC invocations=61 (full 0):
 garbage-first heap   total 206848K, used 144456K [0x0000000080000000, 0x0000000100000000)
  region size 1024K, 4 young (4096K), 4 survivors (4096K)
 Metaspace       used 98140K, committed 99008K, reserved 557056K
  class space    used 13699K, committed 14144K, reserved 425984K
}
Event: 82.038 GC heap before
{Heap before GC invocations=61 (full 0):
 garbage-first heap   total 206848K, used 173128K [0x0000000080000000, 0x0000000100000000)
  region size 1024K, 32 young (32768K), 4 survivors (4096K)
 Metaspace       used 98405K, committed 99392K, reserved 557056K
  class space    used 13711K, committed 14208K, reserved 425984K
}
Event: 82.052 GC heap after
{Heap after GC invocations=62 (full 0):
 garbage-first heap   total 206848K, used 147422K [0x0000000080000000, 0x0000000100000000)
  region size 1024K, 3 young (3072K), 3 survivors (3072K)
 Metaspace       used 98405K, committed 99392K, reserved 557056K
  class space    used 13711K, committed 14208K, reserved 425984K
}
Event: 82.758 GC heap before
{Heap before GC invocations=62 (full 0):
 garbage-first heap   total 206848K, used 174046K [0x0000000080000000, 0x0000000100000000)
  region size 1024K, 29 young (29696K), 3 survivors (3072K)
 Metaspace       used 98813K, committed 99776K, reserved 557056K
  class space    used 13757K, committed 14208K, reserved 425984K
}
Event: 82.779 GC heap after
{Heap after GC invocations=63 (full 0):
 garbage-first heap   total 206848K, used 150633K [0x0000000080000000, 0x0000000100000000)
  region size 1024K, 4 young (4096K), 4 survivors (4096K)
 Metaspace       used 98813K, committed 99776K, reserved 557056K
  class space    used 13757K, committed 14208K, reserved 425984K
}
Event: 83.528 GC heap before
{Heap before GC invocations=63 (full 0):
 garbage-first heap   total 206848K, used 179305K [0x0000000080000000, 0x0000000100000000)
  region size 1024K, 28 young (28672K), 4 survivors (4096K)
 Metaspace       used 100788K, committed 101696K, reserved 557056K
  class space    used 13927K, committed 14400K, reserved 425984K
}
Event: 83.544 GC heap after
{Heap after GC invocations=64 (full 0):
 garbage-first heap   total 248832K, used 153883K [0x0000000080000000, 0x0000000100000000)
  region size 1024K, 4 young (4096K), 4 survivors (4096K)
 Metaspace       used 100788K, committed 101696K, reserved 557056K
  class space    used 13927K, committed 14400K, reserved 425984K
}
Event: 85.168 GC heap before
{Heap before GC invocations=64 (full 0):
 garbage-first heap   total 248832K, used 204059K [0x0000000080000000, 0x0000000100000000)
  region size 1024K, 54 young (55296K), 4 survivors (4096K)
 Metaspace       used 101719K, committed 102720K, reserved 557056K
  class space    used 14053K, committed 14528K, reserved 425984K
}
Event: 85.182 GC heap after
{Heap after GC invocations=65 (full 0):
 garbage-first heap   total 248832K, used 156114K [0x0000000080000000, 0x0000000100000000)
  region size 1024K, 6 young (6144K), 6 survivors (6144K)
 Metaspace       used 101719K, committed 102720K, reserved 557056K
  class space    used 14053K, committed 14528K, reserved 425984K
}
Event: 86.623 GC heap before
{Heap before GC invocations=65 (full 0):
 garbage-first heap   total 248832K, used 206290K [0x0000000080000000, 0x0000000100000000)
  region size 1024K, 56 young (57344K), 6 survivors (6144K)
 Metaspace       used 101912K, committed 102912K, reserved 557056K
  class space    used 14083K, committed 14592K, reserved 425984K
}
Event: 86.637 GC heap after
{Heap after GC invocations=66 (full 0):
 garbage-first heap   total 248832K, used 160799K [0x0000000080000000, 0x0000000100000000)
  region size 1024K, 7 young (7168K), 7 survivors (7168K)
 Metaspace       used 101912K, committed 102912K, reserved 557056K
  class space    used 14083K, committed 14592K, reserved 425984K
}

Dll operation events (14 events):
Event: 0.016 Loaded shared library C:\Program Files\Microsoft\jdk-17.0.8.7-hotspot\bin\java.dll
Event: 0.043 Loaded shared library C:\Program Files\Microsoft\jdk-17.0.8.7-hotspot\bin\jsvml.dll
Event: 0.122 Loaded shared library C:\Program Files\Microsoft\jdk-17.0.8.7-hotspot\bin\zip.dll
Event: 0.128 Loaded shared library C:\Program Files\Microsoft\jdk-17.0.8.7-hotspot\bin\instrument.dll
Event: 0.134 Loaded shared library C:\Program Files\Microsoft\jdk-17.0.8.7-hotspot\bin\net.dll
Event: 0.136 Loaded shared library C:\Program Files\Microsoft\jdk-17.0.8.7-hotspot\bin\nio.dll
Event: 0.141 Loaded shared library C:\Program Files\Microsoft\jdk-17.0.8.7-hotspot\bin\zip.dll
Event: 0.522 Loaded shared library C:\Program Files\Microsoft\jdk-17.0.8.7-hotspot\bin\jimage.dll
Event: 0.671 Loaded shared library C:\Program Files\Microsoft\jdk-17.0.8.7-hotspot\bin\verify.dll
Event: 1.049 Loaded shared library C:\Users\Lenovo\.gradle\native\68d5fa5c4cc2d200863cafc0d521ce42e7d3e7ee720ec0a83991735586a16f82\windows-amd64\native-platform.dll
Event: 1.064 Loaded shared library C:\Users\Lenovo\.gradle\native\e376f236ea51e6404a007f0833ffe2c6e607c4080706a723a18a27aeea778392\windows-amd64\native-platform-file-events.dll
Event: 7.816 Loaded shared library C:\Program Files\Microsoft\jdk-17.0.8.7-hotspot\bin\management.dll
Event: 7.820 Loaded shared library C:\Program Files\Microsoft\jdk-17.0.8.7-hotspot\bin\management_ext.dll
Event: 8.838 Loaded shared library C:\Program Files\Microsoft\jdk-17.0.8.7-hotspot\bin\sunmscapi.dll

Deoptimization events (20 events):
Event: 87.001 Thread 0x000001da6d22ea90 Uncommon trap: trap_request=0xffffffd6 fr.pc=0x000001da3de29670 relative=0x00000000000006d0
Event: 87.001 Thread 0x000001da6d22ea90 Uncommon trap: reason=array_check action=maybe_recompile pc=0x000001da3de29670 method=java.util.TimSort.reverseRange([Ljava/lang/Object;II)V @ 20 c2
Event: 87.001 Thread 0x000001da6d22ea90 DEOPT PACKING pc=0x000001da3de29670 sp=0x0000002544dfbee0
Event: 87.001 Thread 0x000001da6d22ea90 DEOPT UNPACKING pc=0x000001da3d2269a3 sp=0x0000002544dfbe10 mode 2
Event: 87.002 Thread 0x000001da6d22e580 Uncommon trap: trap_request=0xffffffd6 fr.pc=0x000001da3de29670 relative=0x00000000000006d0
Event: 87.002 Thread 0x000001da6d22e580 Uncommon trap: reason=array_check action=maybe_recompile pc=0x000001da3de29670 method=java.util.TimSort.reverseRange([Ljava/lang/Object;II)V @ 20 c2
Event: 87.002 Thread 0x000001da6d22e580 DEOPT PACKING pc=0x000001da3de29670 sp=0x00000025451fc1e0
Event: 87.002 Thread 0x000001da6d22e580 DEOPT UNPACKING pc=0x000001da3d2269a3 sp=0x00000025451fc110 mode 2
Event: 87.003 Thread 0x000001da6d233680 Uncommon trap: trap_request=0xffffff45 fr.pc=0x000001da3dbd284c relative=0x0000000000004e0c
Event: 87.003 Thread 0x000001da6d233680 Uncommon trap: reason=unstable_if action=reinterpret pc=0x000001da3dbd284c method=org.gradle.internal.io.StreamByteBuffer.allocateSpace()I @ 43 c2
Event: 87.003 Thread 0x000001da6d233680 DEOPT PACKING pc=0x000001da3dbd284c sp=0x0000002543efed40
Event: 87.003 Thread 0x000001da6d233680 DEOPT UNPACKING pc=0x000001da3d2269a3 sp=0x0000002543efea70 mode 2
Event: 87.158 Thread 0x000001da6d22ea90 Uncommon trap: trap_request=0xffffffd6 fr.pc=0x000001da3df95240 relative=0x0000000000000820
Event: 87.158 Thread 0x000001da6d22ea90 Uncommon trap: reason=array_check action=maybe_recompile pc=0x000001da3df95240 method=java.util.TimSort.reverseRange([Ljava/lang/Object;II)V @ 27 c2
Event: 87.158 Thread 0x000001da6d22ea90 DEOPT PACKING pc=0x000001da3df95240 sp=0x0000002544dfbf10
Event: 87.158 Thread 0x000001da6d22ea90 DEOPT UNPACKING pc=0x000001da3d2269a3 sp=0x0000002544dfbe50 mode 2
Event: 87.189 Thread 0x000001da6d22e580 Uncommon trap: trap_request=0xffffffd6 fr.pc=0x000001da3df95240 relative=0x0000000000000820
Event: 87.189 Thread 0x000001da6d22e580 Uncommon trap: reason=array_check action=maybe_recompile pc=0x000001da3df95240 method=java.util.TimSort.reverseRange([Ljava/lang/Object;II)V @ 27 c2
Event: 87.189 Thread 0x000001da6d22e580 DEOPT PACKING pc=0x000001da3df95240 sp=0x00000025451fd4b0
Event: 87.189 Thread 0x000001da6d22e580 DEOPT UNPACKING pc=0x000001da3d2269a3 sp=0x00000025451fd3f0 mode 2

Classes unloaded (0 events):
No events

Classes redefined (0 events):
No events

Internal exceptions (20 events):
Event: 81.419 Thread 0x000001da6b273100 Exception <a 'sun/nio/fs/WindowsException'{0x000000008c42d970}> (0x000000008c42d970) 
thrown [s\src\hotspot\share\prims\jni.cpp, line 516]
Event: 81.420 Thread 0x000001da6b273100 Exception <a 'sun/nio/fs/WindowsException'{0x000000008c42efc0}> (0x000000008c42efc0) 
thrown [s\src\hotspot\share\prims\jni.cpp, line 516]
Event: 81.420 Thread 0x000001da6b273100 Exception <a 'sun/nio/fs/WindowsException'{0x000000008c430660}> (0x000000008c430660) 
thrown [s\src\hotspot\share\prims\jni.cpp, line 516]
Event: 81.420 Thread 0x000001da6b273100 Exception <a 'sun/nio/fs/WindowsException'{0x000000008c431d00}> (0x000000008c431d00) 
thrown [s\src\hotspot\share\prims\jni.cpp, line 516]
Event: 83.221 Thread 0x000001da6b273100 Exception <a 'java/lang/NoSuchMethodError'{0x000000008bb204f0}: static Lcom/android/build/gradle/internal/profile/ProjectData;.<clinit>()V> (0x000000008bb204f0) 
thrown [s\src\hotspot\share\prims\jni.cpp, line 1107]
Event: 83.241 Thread 0x000001da6b273100 Exception <a 'java/lang/NoSuchMethodError'{0x000000008bb8ece8}: static Lcom/android/build/gradle/internal/profile/TaskMetadata;.<clinit>()V> (0x000000008bb8ece8) 
thrown [s\src\hotspot\share\prims\jni.cpp, line 1107]
Event: 83.362 Thread 0x000001da6b273100 Exception <a 'sun/nio/fs/WindowsException'{0x000000008b76a790}> (0x000000008b76a790) 
thrown [s\src\hotspot\share\prims\jni.cpp, line 516]
Event: 83.482 Thread 0x000001da6be184a0 Exception <a 'java/lang/NoSuchMethodError'{0x000000008b3c0d40}: 'void java.lang.invoke.DirectMethodHandle$Holder.invokeStatic(java.lang.Object, java.lang.Object, java.lang.Object, java.lang.Object, int, java.lang.Object, java.lang.Object)'> (0x000000008b3c0d40) 
thrown [s\src\hotspot\share\interpreter\linkResolver.cpp, line 759]
Event: 83.562 Thread 0x000001da71289a10 Exception <a 'java/lang/NoSuchMethodError'{0x000000008f223878}: 'java.lang.Object java.lang.invoke.DirectMethodHandle$Holder.invokeSpecialIFC(java.lang.Object, java.lang.Object, java.lang.Object)'> (0x000000008f223878) 
thrown [s\src\hotspot\share\interpreter\linkResolver.cpp, line 759]
Event: 83.562 Thread 0x000001da712885d0 Exception <a 'java/lang/NoSuchMethodError'{0x000000008f27d258}: 'java.lang.Object java.lang.invoke.DirectMethodHandle$Holder.invokeSpecialIFC(java.lang.Object, java.lang.Object, java.lang.Object)'> (0x000000008f27d258) 
thrown [s\src\hotspot\share\interpreter\linkResolver.cpp, line 759]
Event: 83.562 Thread 0x000001da71289f20 Exception <a 'java/lang/NoSuchMethodError'{0x000000008f2113e0}: 'java.lang.Object java.lang.invoke.DirectMethodHandle$Holder.invokeSpecialIFC(java.lang.Object, java.lang.Object, java.lang.Object)'> (0x000000008f2113e0) 
thrown [s\src\hotspot\share\interpreter\linkResolver.cpp, line 759]
Event: 83.562 Thread 0x000001da6be184a0 Exception <a 'java/lang/NoSuchMethodError'{0x000000008f2730c8}: 'java.lang.Object java.lang.invoke.DirectMethodHandle$Holder.invokeSpecialIFC(java.lang.Object, java.lang.Object, java.lang.Object)'> (0x000000008f2730c8) 
thrown [s\src\hotspot\share\interpreter\linkResolver.cpp, line 759]
Event: 85.127 Thread 0x000001da6be16640 Exception <a 'java/lang/NoSuchMethodError'{0x000000008c24dc50}: 'void java.lang.invoke.DirectMethodHandle$Holder.invokeVirtual(java.lang.Object, java.lang.Object)'> (0x000000008c24dc50) 
thrown [s\src\hotspot\share\interpreter\linkResolver.cpp, line 759]
Event: 85.202 Thread 0x000001da6be16640 Exception <a 'java/lang/ClassNotFoundException'{0x000000008f2c1c10}: groovy/util/FileTreeBuilderBeanInfo> (0x000000008f2c1c10) 
thrown [s\src\hotspot\share\classfile\systemDictionary.cpp, line 256]
Event: 85.204 Thread 0x000001da6be16640 Exception <a 'java/lang/ClassNotFoundException'{0x000000008f1236d8}: groovy/util/FileTreeBuilderCustomizer> (0x000000008f1236d8) 
thrown [s\src\hotspot\share\classfile\systemDictionary.cpp, line 256]
Event: 85.219 Thread 0x000001da6be16640 Exception <a 'java/lang/ClassNotFoundException'{0x000000008f164658}: java/io/BufferedWriterBeanInfo> (0x000000008f164658) 
thrown [s\src\hotspot\share\classfile\systemDictionary.cpp, line 256]
Event: 85.220 Thread 0x000001da6be16640 Exception <a 'java/lang/ClassNotFoundException'{0x000000008f169c90}: java/io/WriterBeanInfo> (0x000000008f169c90) 
thrown [s\src\hotspot\share\classfile\systemDictionary.cpp, line 256]
Event: 85.220 Thread 0x000001da6be16640 Exception <a 'java/lang/ClassNotFoundException'{0x000000008f16f040}: java/io/WriterCustomizer> (0x000000008f16f040) 
thrown [s\src\hotspot\share\classfile\systemDictionary.cpp, line 256]
Event: 85.221 Thread 0x000001da6be16640 Exception <a 'java/lang/ClassNotFoundException'{0x000000008f17d340}: java/io/BufferedWriterCustomizer> (0x000000008f17d340) 
thrown [s\src\hotspot\share\classfile\systemDictionary.cpp, line 256]
Event: 85.388 Thread 0x000001da6be16640 Exception <a 'java/lang/NoSuchMethodError'{0x000000008f046a48}: static Lcom/android/build/api/variant/BuildConfigField;.<clinit>()V> (0x000000008f046a48) 
thrown [s\src\hotspot\share\prims\jni.cpp, line 1107]

VM Operations (20 events):
Event: 83.684 Executing VM operation: HandshakeAllThreads
Event: 83.685 Executing VM operation: HandshakeAllThreads done
Event: 83.723 Executing VM operation: ICBufferFull
Event: 83.723 Executing VM operation: ICBufferFull done
Event: 83.909 Executing VM operation: HandshakeAllThreads
Event: 83.910 Executing VM operation: HandshakeAllThreads done
Event: 83.953 Executing VM operation: HandshakeAllThreads
Event: 83.954 Executing VM operation: HandshakeAllThreads done
Event: 84.328 Executing VM operation: ICBufferFull
Event: 84.329 Executing VM operation: ICBufferFull done
Event: 85.112 Executing VM operation: HandshakeAllThreads
Event: 85.113 Executing VM operation: HandshakeAllThreads done
Event: 85.132 Executing VM operation: ICBufferFull
Event: 85.133 Executing VM operation: ICBufferFull done
Event: 85.168 Executing VM operation: G1CollectForAllocation
Event: 85.187 Executing VM operation: G1CollectForAllocation done
Event: 86.199 Executing VM operation: Cleanup
Event: 86.199 Executing VM operation: Cleanup done
Event: 86.622 Executing VM operation: G1CollectForAllocation
Event: 86.637 Executing VM operation: G1CollectForAllocation done

Events (20 events):
Event: 84.861 Thread 0x000001da6b273610 Thread added: 0x000001da6b273610
Event: 84.861 Thread 0x000001da77157ef0 Thread added: 0x000001da77157ef0
Event: 84.890 Thread 0x000001da77155b80 Thread added: 0x000001da77155b80
Event: 85.098 Thread 0x000001da77150f90 Thread added: 0x000001da77150f90
Event: 85.218 loading class java/io/BufferedWriterBeanInfo
Event: 85.218 loading class java/io/BufferedWriterBeanInfo done
Event: 85.219 loading class java/io/BufferedWriterBeanInfo
Event: 85.219 loading class java/io/BufferedWriterBeanInfo done
Event: 85.219 loading class java/io/WriterBeanInfo
Event: 85.219 loading class java/io/WriterBeanInfo done
Event: 85.220 loading class java/io/WriterBeanInfo
Event: 85.220 loading class java/io/WriterBeanInfo done
Event: 85.220 loading class java/io/WriterCustomizer
Event: 85.220 loading class java/io/WriterCustomizer done
Event: 85.220 loading class java/io/WriterCustomizer
Event: 85.220 loading class java/io/WriterCustomizer done
Event: 85.221 loading class java/io/BufferedWriterCustomizer
Event: 85.221 loading class java/io/BufferedWriterCustomizer done
Event: 85.221 loading class java/io/BufferedWriterCustomizer
Event: 85.221 loading class java/io/BufferedWriterCustomizer done


Dynamic libraries:
0x00007ff798c70000 - 0x00007ff798c7e000 	C:\Program Files\Microsoft\jdk-17.0.8.7-hotspot\bin\java.exe
0x00007fffa37f0000 - 0x00007fffa39e8000 	C:\Windows\SYSTEM32\ntdll.dll
0x00007fffa19e0000 - 0x00007fffa1a9d000 	C:\Windows\System32\KERNEL32.DLL
0x00007fffa11b0000 - 0x00007fffa14a6000 	C:\Windows\System32\KERNELBASE.dll
0x00007fffa10b0000 - 0x00007fffa11b0000 	C:\Windows\System32\ucrtbase.dll
0x00007fff970e0000 - 0x00007fff970f7000 	C:\Program Files\Microsoft\jdk-17.0.8.7-hotspot\bin\jli.dll
0x00007fff970c0000 - 0x00007fff970db000 	C:\Program Files\Microsoft\jdk-17.0.8.7-hotspot\bin\VCRUNTIME140.dll
0x00007fffa24a0000 - 0x00007fffa263e000 	C:\Windows\System32\USER32.dll
0x00007fffa14b0000 - 0x00007fffa14d2000 	C:\Windows\System32\win32u.dll
0x00007fff72690000 - 0x00007fff7292a000 	C:\Windows\WinSxS\amd64_microsoft.windows.common-controls_6595b64144ccf1df_6.0.19041.3636_none_60b6a03d71f818d5\COMCTL32.dll
0x00007fffa1ed0000 - 0x00007fffa1efb000 	C:\Windows\System32\GDI32.dll
0x00007fffa1cd0000 - 0x00007fffa1d6e000 	C:\Windows\System32\msvcrt.dll
0x00007fffa14e0000 - 0x00007fffa15f7000 	C:\Windows\System32\gdi32full.dll
0x00007fffa1790000 - 0x00007fffa182d000 	C:\Windows\System32\msvcp_win.dll
0x00007fffa1f60000 - 0x00007fffa1f92000 	C:\Windows\System32\IMM32.DLL
0x00007fff99f50000 - 0x00007fff99f5c000 	C:\Program Files\Microsoft\jdk-17.0.8.7-hotspot\bin\vcruntime140_1.dll
0x00007fff83c60000 - 0x00007fff83ced000 	C:\Program Files\Microsoft\jdk-17.0.8.7-hotspot\bin\msvcp140.dll
0x00007fff5a950000 - 0x00007fff5b5b5000 	C:\Program Files\Microsoft\jdk-17.0.8.7-hotspot\bin\server\jvm.dll
0x00007fffa1b40000 - 0x00007fffa1bf3000 	C:\Windows\System32\ADVAPI32.dll
0x00007fffa1aa0000 - 0x00007fffa1b3f000 	C:\Windows\System32\sechost.dll
0x00007fffa20d0000 - 0x00007fffa21f6000 	C:\Windows\System32\RPCRT4.dll
0x00007fffa0eb0000 - 0x00007fffa0ed7000 	C:\Windows\System32\bcrypt.dll
0x00007fffa0d10000 - 0x00007fffa0d5b000 	C:\Windows\SYSTEM32\POWRPROF.dll
0x00007fff9a070000 - 0x00007fff9a079000 	C:\Windows\SYSTEM32\WSOCK32.dll
0x00007fffa2f70000 - 0x00007fffa2fdb000 	C:\Windows\System32\WS2_32.dll
0x00007fff71670000 - 0x00007fff71697000 	C:\Windows\SYSTEM32\WINMM.dll
0x00007fff98900000 - 0x00007fff9890a000 	C:\Windows\SYSTEM32\VERSION.dll
0x00007fffa0cf0000 - 0x00007fffa0d02000 	C:\Windows\SYSTEM32\UMPDC.dll
0x00007fff9ed20000 - 0x00007fff9ed32000 	C:\Windows\SYSTEM32\kernel.appcore.dll
0x00007fff99f30000 - 0x00007fff99f3a000 	C:\Program Files\Microsoft\jdk-17.0.8.7-hotspot\bin\jimage.dll
0x00007fff8d700000 - 0x00007fff8d8e4000 	C:\Windows\SYSTEM32\DBGHELP.DLL
0x00007fff8d6c0000 - 0x00007fff8d6f4000 	C:\Windows\SYSTEM32\dbgcore.DLL
0x00007fffa1700000 - 0x00007fffa1782000 	C:\Windows\System32\bcryptPrimitives.dll
0x00007fff93080000 - 0x00007fff9308e000 	C:\Program Files\Microsoft\jdk-17.0.8.7-hotspot\bin\instrument.dll
0x00007fff97090000 - 0x00007fff970b5000 	C:\Program Files\Microsoft\jdk-17.0.8.7-hotspot\bin\java.dll
0x00007fff82420000 - 0x00007fff824f7000 	C:\Program Files\Microsoft\jdk-17.0.8.7-hotspot\bin\jsvml.dll
0x00007fffa26f0000 - 0x00007fffa2e35000 	C:\Windows\System32\SHELL32.dll
0x00007fff9ef20000 - 0x00007fff9f6bc000 	C:\Windows\SYSTEM32\windows.storage.dll
0x00007fffa2fe0000 - 0x00007fffa3334000 	C:\Windows\System32\combase.dll
0x00007fffa0730000 - 0x00007fffa075e000 	C:\Windows\SYSTEM32\Wldp.dll
0x00007fffa2e40000 - 0x00007fffa2f0d000 	C:\Windows\System32\OLEAUT32.dll
0x00007fffa2640000 - 0x00007fffa26ed000 	C:\Windows\System32\SHCORE.dll
0x00007fffa2f10000 - 0x00007fffa2f65000 	C:\Windows\System32\shlwapi.dll
0x00007fffa0de0000 - 0x00007fffa0e05000 	C:\Windows\SYSTEM32\profapi.dll
0x00007fff8f720000 - 0x00007fff8f738000 	C:\Program Files\Microsoft\jdk-17.0.8.7-hotspot\bin\zip.dll
0x00007fff93090000 - 0x00007fff930a9000 	C:\Program Files\Microsoft\jdk-17.0.8.7-hotspot\bin\net.dll
0x00007fff933b0000 - 0x00007fff934ba000 	C:\Windows\SYSTEM32\WINHTTP.dll
0x00007fffa0510000 - 0x00007fffa057a000 	C:\Windows\system32\mswsock.dll
0x00007fff8fc30000 - 0x00007fff8fc46000 	C:\Program Files\Microsoft\jdk-17.0.8.7-hotspot\bin\nio.dll
0x00007fff9ab50000 - 0x00007fff9ab60000 	C:\Program Files\Microsoft\jdk-17.0.8.7-hotspot\bin\verify.dll
0x00007fff59ae0000 - 0x00007fff59b07000 	C:\Users\Lenovo\.gradle\native\68d5fa5c4cc2d200863cafc0d521ce42e7d3e7ee720ec0a83991735586a16f82\windows-amd64\native-platform.dll
0x00007fff7dd80000 - 0x00007fff7dec4000 	C:\Users\Lenovo\.gradle\native\e376f236ea51e6404a007f0833ffe2c6e607c4080706a723a18a27aeea778392\windows-amd64\native-platform-file-events.dll
0x00007fff97e40000 - 0x00007fff97e49000 	C:\Program Files\Microsoft\jdk-17.0.8.7-hotspot\bin\management.dll
0x00007fff934c0000 - 0x00007fff934cb000 	C:\Program Files\Microsoft\jdk-17.0.8.7-hotspot\bin\management_ext.dll
0x00007fffa1830000 - 0x00007fffa1838000 	C:\Windows\System32\PSAPI.DLL
0x00007fffa0770000 - 0x00007fffa0788000 	C:\Windows\SYSTEM32\CRYPTSP.dll
0x00007fff9fe60000 - 0x00007fff9fe94000 	C:\Windows\system32\rsaenh.dll
0x00007fffa0d60000 - 0x00007fffa0d8e000 	C:\Windows\SYSTEM32\USERENV.dll
0x00007fffa06a0000 - 0x00007fffa06ac000 	C:\Windows\SYSTEM32\CRYPTBASE.dll
0x00007fffa0220000 - 0x00007fffa025b000 	C:\Windows\SYSTEM32\IPHLPAPI.DLL
0x00007fffa19d0000 - 0x00007fffa19d8000 	C:\Windows\System32\NSI.dll
0x00007fff977e0000 - 0x00007fff977f7000 	C:\Windows\SYSTEM32\dhcpcsvc6.DLL
0x00007fff977c0000 - 0x00007fff977dd000 	C:\Windows\SYSTEM32\dhcpcsvc.DLL
0x00007fffa0260000 - 0x00007fffa032b000 	C:\Windows\SYSTEM32\DNSAPI.dll
0x00007fff92ec0000 - 0x00007fff92ece000 	C:\Program Files\Microsoft\jdk-17.0.8.7-hotspot\bin\sunmscapi.dll
0x00007fffa0ee0000 - 0x00007fffa103d000 	C:\Windows\System32\CRYPT32.dll
0x00007fffa0880000 - 0x00007fffa08a8000 	C:\Windows\SYSTEM32\ncrypt.dll
0x00007fffa0840000 - 0x00007fffa087b000 	C:\Windows\SYSTEM32\NTASN1.dll
0x00007fff85ea0000 - 0x00007fff85ea7000 	C:\Windows\system32\wshunix.dll
0x00007fff6ffb0000 - 0x00007fff6ffc7000 	C:\Windows\system32\napinsp.dll
0x00007fff6f8b0000 - 0x00007fff6f8cb000 	C:\Windows\system32\pnrpnsp.dll
0x00007fff9b6a0000 - 0x00007fff9b6b5000 	C:\Windows\system32\wshbth.dll
0x00007fff9c760000 - 0x00007fff9c77d000 	C:\Windows\system32\NLAapi.dll
0x00007fff6fed0000 - 0x00007fff6fee2000 	C:\Windows\System32\winrnr.dll
0x00007fff936c0000 - 0x00007fff936ca000 	C:\Windows\System32\rasadhlp.dll
0x00007fff91f80000 - 0x00007fff92000000 	C:\Windows\System32\fwpuclnt.dll

dbghelp: loaded successfully - version: 4.0.5 - missing functions: none
symbol engine: initialized successfully - sym options: 0x614 - pdb path: .;C:\Program Files\Microsoft\jdk-17.0.8.7-hotspot\bin;C:\Windows\SYSTEM32;C:\Windows\WinSxS\amd64_microsoft.windows.common-controls_6595b64144ccf1df_6.0.19041.3636_none_60b6a03d71f818d5;C:\Program Files\Microsoft\jdk-17.0.8.7-hotspot\bin\server;C:\Users\Lenovo\.gradle\native\68d5fa5c4cc2d200863cafc0d521ce42e7d3e7ee720ec0a83991735586a16f82\windows-amd64;C:\Users\Lenovo\.gradle\native\e376f236ea51e6404a007f0833ffe2c6e607c4080706a723a18a27aeea778392\windows-amd64

VM Arguments:
jvm_args: -XX:MaxMetaspaceSize=512m --add-opens=java.base/java.util=ALL-UNNAMED --add-opens=java.base/java.lang=ALL-UNNAMED --add-opens=java.base/java.lang.invoke=ALL-UNNAMED --add-opens=java.prefs/java.util.prefs=ALL-UNNAMED --add-opens=java.base/java.nio.charset=ALL-UNNAMED --add-opens=java.base/java.net=ALL-UNNAMED --add-opens=java.base/java.util.concurrent.atomic=ALL-UNNAMED -Xmx2048m -Dfile.encoding=windows-1252 -Duser.country=US -Duser.language=en -Duser.variant -javaagent:C:\Users\Lenovo\.gradle\wrapper\dists\gradle-8.3-all\6en3ugtfdg5xnpx44z4qbwgas\gradle-8.3\lib\agents\gradle-instrumentation-agent-8.3.jar 
java_command: org.gradle.launcher.daemon.bootstrap.GradleDaemon 8.3
java_class_path (initial): C:\Users\Lenovo\.gradle\wrapper\dists\gradle-8.3-all\6en3ugtfdg5xnpx44z4qbwgas\gradle-8.3\lib\gradle-launcher-8.3.jar
Launcher Type: SUN_STANDARD

[Global flags]
     intx CICompilerCount                          = 3                                         {product} {ergonomic}
   size_t CompressedClassSpaceSize                 = 436207616                                 {product} {ergonomic}
     uint ConcGCThreads                            = 1                                         {product} {ergonomic}
     uint G1ConcRefinementThreads                  = 4                                         {product} {ergonomic}
   size_t G1HeapRegionSize                         = 1048576                                   {product} {ergonomic}
    uintx GCDrainStackTargetSize                   = 64                                        {product} {ergonomic}
   size_t InitialHeapSize                          = 201326592                                 {product} {ergonomic}
   size_t MarkStackSize                            = 4194304                                   {product} {ergonomic}
   size_t MaxHeapSize                              = 2147483648                                {product} {command line}
   size_t MaxMetaspaceSize                         = 536870912                                 {product} {command line}
   size_t MaxNewSize                               = 1287651328                                {product} {ergonomic}
   size_t MinHeapDeltaBytes                        = 1048576                                   {product} {ergonomic}
   size_t MinHeapSize                              = 8388608                                   {product} {ergonomic}
    uintx NonNMethodCodeHeapSize                   = 5832780                                {pd product} {ergonomic}
    uintx NonProfiledCodeHeapSize                  = 122912730                              {pd product} {ergonomic}
    uintx ProfiledCodeHeapSize                     = 122912730                              {pd product} {ergonomic}
    uintx ReservedCodeCacheSize                    = 251658240                              {pd product} {ergonomic}
     bool SegmentedCodeCache                       = true                                      {product} {ergonomic}
   size_t SoftMaxHeapSize                          = 2147483648                             {manageable} {ergonomic}
     bool UseCompressedClassPointers               = true                           {product lp64_product} {ergonomic}
     bool UseCompressedOops                        = true                           {product lp64_product} {ergonomic}
     bool UseG1GC                                  = true                                      {product} {ergonomic}
     bool UseLargePagesIndividualAllocation        = false                                  {pd product} {ergonomic}

Logging:
Log output configuration:
 #0: stdout all=warning uptime,level,tags
 #1: stderr all=off uptime,level,tags

Environment Variables:
JAVA_HOME=C:\Program Files\Microsoft\jdk-17.0.8.7-hotspot\
CLASSPATH=D:\ReactNative\Recipes\android\\gradle\wrapper\gradle-wrapper.jar
PATH=D:\ReactNative\Recipes\node_modules\.bin;D:\ReactNative\Recipes\node_modules\.bin;D:\ReactNative\node_modules\.bin;D:\node_modules\.bin;D:\DS Project\node_modules\npm\node_modules\@npmcli\run-script\lib\node-gyp-bin;D:\ReactNative\Recipes\node_modules\.bin;D:\ReactNative\Recipes\node_modules\.bin;D:\ReactNative\node_modules\.bin;D:\node_modules\.bin;D:\DS Project\node_modules\npm\node_modules\@npmcli\run-script\lib\node-gyp-bin;C:\Program Files\Microsoft\jdk-17.0.8.7-hotspot\bin;C:\Python311\Scripts\;C:\Python311\;C:\Program Files\Common Files\Oracle\Java\javapath;C:\Program Files (x86)\Common Files\Oracle\Java\javapath;C:\Windows\system32;C:\Windows;C:\Windows\System32\Wbem;C:\Windows\System32\WindowsPowerShell\v1.0\;C:\Windows\System32\OpenSSH\;C:\Program Files\Java\jdk-15.0.1\bin;C:\MinGW\bin;C:\ProgramData\chocolatey\bin;D:\DS Project\;C:\Users\Lenovo\AppData\Local\Android\Sdk\platform-tools;D:\git\Git\cmd;D:\git\Git;C:\Users\Lenovo\AppData\Local\Microsoft\WindowsApps;C:\Users\Lenovo\AppData\Roaming\Microsoft\Windows\Start Menu\Programs\Python 3.9;C:\Users\Lenovo\AppData\Local\Programs\Microsoft VS Code\bin;C:\src\flutter\bin;C:\Program Files\JetBrains\PyCharm Community Edition 2023.2\bin;;C:\Users\Lenovo\AppData\Roaming\npm;D:\git\Git;
USERNAME=Lenovo
LANG=en_US.UTF-8
OS=Windows_NT
PROCESSOR_IDENTIFIER=Intel64 Family 6 Model 78 Stepping 3, GenuineIntel
TMP=C:\Users\Lenovo\AppData\Local\Temp
TEMP=C:\Users\Lenovo\AppData\Local\Temp



---------------  S Y S T E M  ---------------

OS:
 Windows 10 , 64 bit Build 19041 (10.0.19041.3636)
OS uptime: 5 days 20:01 hours
Hyper-V role detected

CPU: total 4 (initial active 4) (2 cores per cpu, 2 threads per core) family 6 model 78 stepping 3 microcode 0xcc, cx8, cmov, fxsr, ht, mmx, 3dnowpref, sse, sse2, sse3, ssse3, sse4.1, sse4.2, popcnt, lzcnt, tsc, tscinvbit, avx, avx2, aes, erms, clmul, bmi1, bmi2, adx, fma, vzeroupper, clflush, clflushopt, hv
Processor Information for all 4 processors :
  Max Mhz: 1992, Current Mhz: 1992, Mhz Limit: 1992

Memory: 4k page, system-wide physical 12162M (5067M free)
TotalPageFile size 14018M (AvailPageFile size 5760M)
current process WorkingSet (physical memory assigned to process): 543M, peak: 548M
current process commit charge ("private bytes"): 587M, peak: 594M

vm_info: OpenJDK 64-Bit Server VM (17.0.8+7-LTS) for windows-amd64 JRE (17.0.8+7-LTS), built on Jul  7 2023 17:21:55 by "MicrosoftCorporation" with MS VC++ 16.10 / 16.11 (VS2019)

END.
